<?xml version="1.0" encoding="utf-8"?>
<TestRun id="d58d8527-3763-464d-b9fd-1d3cb96dd09b" name="adam@DESKTOP-V03DCJM 2025-06-22 16:23:23" runUser="DESKTOP-V03DCJM\adam" xmlns="http://microsoft.com/schemas/VisualStudio/TeamTest/2010">
  <Times creation="2025-06-22T16:23:23.1828176+02:00" queuing="2025-06-22T16:23:23.1828179+02:00" start="2025-06-22T16:23:19.5109063+02:00" finish="2025-06-22T16:23:23.4285190+02:00" />
  <TestSettings name="default" id="82967f75-3b70-467e-a238-cf15fbe1d20b">
    <Deployment runDeploymentRoot="adam_DESKTOP-V03DCJM_2025-06-22_16_23_23" />
  </TestSettings>
  <Results>
    <UnitTestResult executionId="f4fbc877-c24f-4a7a-9339-11adee163a92" testId="ca0653da-2326-8a07-70a7-6fa3576eb631" testName="EShopService.IntegrationTests.Controllers.MemberControllerIntegrationTest.GetProfile_Unauthorized_IfNoToken" computerName="DESKTOP-V03DCJM" duration="00:00:00.1334814" startTime="2025-06-22T16:23:23.1463822+02:00" endTime="2025-06-22T16:23:23.1463824+02:00" testType="13cdc9d9-ddb5-4fa4-a97d-d965ccfc6d4b" outcome="Passed" testListId="8c84fa94-04c1-424b-9868-57a2d4851a1d" relativeResultsDirectory="f4fbc877-c24f-4a7a-9339-11adee163a92" />
    <UnitTestResult executionId="4668c520-1139-4e2d-9e81-3b447076f2d1" testId="66cff9d5-2567-f1d4-f333-8d6f81d05438" testName="EShopService.IntegrationTests.Controllers.ProductControllerIntegrationTest.Update_ValidProduct_ReturnsUpdatedProduct" computerName="DESKTOP-V03DCJM" duration="00:00:00.0639229" startTime="2025-06-22T16:23:22.2781297+02:00" endTime="2025-06-22T16:23:22.2781300+02:00" testType="13cdc9d9-ddb5-4fa4-a97d-d965ccfc6d4b" outcome="Failed" testListId="8c84fa94-04c1-424b-9868-57a2d4851a1d" relativeResultsDirectory="4668c520-1139-4e2d-9e81-3b447076f2d1">
      <Output>
        <ErrorInfo>
          <Message>Newtonsoft.Json.JsonSerializationException : Self referencing loop detected for property 'Category' with type 'EShop.Domain.Models.Category'. Path 'Category.Products[0]'.</Message>
          <StackTrace>   at Newtonsoft.Json.Serialization.JsonSerializerInternalWriter.CheckForCircularReference(JsonWriter writer, Object value, JsonProperty property, JsonContract contract, JsonContainerContract containerContract, JsonProperty containerProperty)&#xD;
   at Newtonsoft.Json.Serialization.JsonSerializerInternalWriter.CalculatePropertyValues(JsonWriter writer, Object value, JsonContainerContract contract, JsonProperty member, JsonProperty property, JsonContract&amp; memberContract, Object&amp; memberValue)&#xD;
   at Newtonsoft.Json.Serialization.JsonSerializerInternalWriter.SerializeObject(JsonWriter writer, Object value, JsonObjectContract contract, JsonProperty member, JsonContainerContract collectionContract, JsonProperty containerProperty)&#xD;
   at Newtonsoft.Json.Serialization.JsonSerializerInternalWriter.SerializeValue(JsonWriter writer, Object value, JsonContract valueContract, JsonProperty member, JsonContainerContract containerContract, JsonProperty containerProperty)&#xD;
   at Newtonsoft.Json.Serialization.JsonSerializerInternalWriter.SerializeList(JsonWriter writer, IEnumerable values, JsonArrayContract contract, JsonProperty member, JsonContainerContract collectionContract, JsonProperty containerProperty)&#xD;
   at Newtonsoft.Json.Serialization.JsonSerializerInternalWriter.SerializeValue(JsonWriter writer, Object value, JsonContract valueContract, JsonProperty member, JsonContainerContract containerContract, JsonProperty containerProperty)&#xD;
   at Newtonsoft.Json.Serialization.JsonSerializerInternalWriter.SerializeObject(JsonWriter writer, Object value, JsonObjectContract contract, JsonProperty member, JsonContainerContract collectionContract, JsonProperty containerProperty)&#xD;
   at Newtonsoft.Json.Serialization.JsonSerializerInternalWriter.SerializeValue(JsonWriter writer, Object value, JsonContract valueContract, JsonProperty member, JsonContainerContract containerContract, JsonProperty containerProperty)&#xD;
   at Newtonsoft.Json.Serialization.JsonSerializerInternalWriter.SerializeObject(JsonWriter writer, Object value, JsonObjectContract contract, JsonProperty member, JsonContainerContract collectionContract, JsonProperty containerProperty)&#xD;
   at Newtonsoft.Json.Serialization.JsonSerializerInternalWriter.SerializeValue(JsonWriter writer, Object value, JsonContract valueContract, JsonProperty member, JsonContainerContract containerContract, JsonProperty containerProperty)&#xD;
   at Newtonsoft.Json.Serialization.JsonSerializerInternalWriter.Serialize(JsonWriter jsonWriter, Object value, Type objectType)&#xD;
   at Newtonsoft.Json.JsonSerializer.SerializeInternal(JsonWriter jsonWriter, Object value, Type objectType)&#xD;
   at Newtonsoft.Json.JsonSerializer.Serialize(JsonWriter jsonWriter, Object value, Type objectType)&#xD;
   at Newtonsoft.Json.JsonConvert.SerializeObjectInternal(Object value, Type type, JsonSerializer jsonSerializer)&#xD;
   at Newtonsoft.Json.JsonConvert.SerializeObject(Object value, Type type, JsonSerializerSettings settings)&#xD;
   at Newtonsoft.Json.JsonConvert.SerializeObject(Object value)&#xD;
   at EShopService.IntegrationTests.Controllers.ProductControllerIntegrationTest.Update_ValidProduct_ReturnsUpdatedProduct() in C:\Users\adam\Desktop\pp4\loyalty-program-api\EShopService.IntegrationTests\Controllers\ProductControllerIntegrationTest.cs:line 176&#xD;
--- End of stack trace from previous location ---</StackTrace>
        </ErrorInfo>
      </Output>
    </UnitTestResult>
    <UnitTestResult executionId="73026f9a-ee11-4337-bf47-a8ea56fd0a66" testId="2dc72128-6311-56cc-0478-1af6e3850faf" testName="EShopService.IntegrationTests.Controllers.MemberControllerIntegrationTest.CreateAndGetMember_Works" computerName="DESKTOP-V03DCJM" duration="00:00:00.1005992" startTime="2025-06-22T16:23:22.3876739+02:00" endTime="2025-06-22T16:23:22.3876741+02:00" testType="13cdc9d9-ddb5-4fa4-a97d-d965ccfc6d4b" outcome="Failed" testListId="8c84fa94-04c1-424b-9868-57a2d4851a1d" relativeResultsDirectory="73026f9a-ee11-4337-bf47-a8ea56fd0a66">
      <Output>
        <ErrorInfo>
          <Message>System.Net.Http.HttpRequestException : Response status code does not indicate success: 405 (Method Not Allowed).</Message>
          <StackTrace>   at System.Net.Http.HttpResponseMessage.EnsureSuccessStatusCode()&#xD;
   at EShopService.IntegrationTests.Controllers.MemberControllerIntegrationTest.CreateAndGetMember_Works() in C:\Users\adam\Desktop\pp4\loyalty-program-api\EShopService.IntegrationTests\Controllers\MemberControllerIntegrationTest.cs:line 59&#xD;
--- End of stack trace from previous location ---</StackTrace>
        </ErrorInfo>
      </Output>
    </UnitTestResult>
    <UnitTestResult executionId="7eeda3a5-b4f1-4dab-91fb-df9f631a2d07" testId="8ae0ab74-89dc-ac9d-e31f-275cbc1f9e30" testName="EShopService.IntegrationTests.Controllers.MemberControllerIntegrationTest.GetProfile_Works" computerName="DESKTOP-V03DCJM" duration="00:00:00.2893791" startTime="2025-06-22T16:23:23.0131795+02:00" endTime="2025-06-22T16:23:23.0131797+02:00" testType="13cdc9d9-ddb5-4fa4-a97d-d965ccfc6d4b" outcome="Failed" testListId="8c84fa94-04c1-424b-9868-57a2d4851a1d" relativeResultsDirectory="7eeda3a5-b4f1-4dab-91fb-df9f631a2d07">
      <Output>
        <ErrorInfo>
          <Message>System.Net.Http.HttpRequestException : Response status code does not indicate success: 500 (Internal Server Error).</Message>
          <StackTrace>   at System.Net.Http.HttpResponseMessage.EnsureSuccessStatusCode()&#xD;
   at EShopService.IntegrationTests.Controllers.MemberControllerIntegrationTest.GetProfile_Works() in C:\Users\adam\Desktop\pp4\loyalty-program-api\EShopService.IntegrationTests\Controllers\MemberControllerIntegrationTest.cs:line 90&#xD;
--- End of stack trace from previous location ---</StackTrace>
        </ErrorInfo>
      </Output>
    </UnitTestResult>
    <UnitTestResult executionId="90fe9155-3cfd-4b74-a4c0-bb630f7f9e3f" testId="aedb9d12-b869-83e5-6182-f8e5f52520aa" testName="EShopService.IntegrationTests.Controllers.ProductControllerIntegrationTest.Delete_ExistingProduct_ReturnsNoContent" computerName="DESKTOP-V03DCJM" duration="00:00:00.1119189" startTime="2025-06-22T16:23:22.3899707+02:00" endTime="2025-06-22T16:23:22.3899709+02:00" testType="13cdc9d9-ddb5-4fa4-a97d-d965ccfc6d4b" outcome="Failed" testListId="8c84fa94-04c1-424b-9868-57a2d4851a1d" relativeResultsDirectory="90fe9155-3cfd-4b74-a4c0-bb630f7f9e3f">
      <Output>
        <ErrorInfo>
          <Message>Assert.Equal() Failure: Values differ&#xD;
Expected: NoContent&#xD;
Actual:   Unauthorized</Message>
          <StackTrace>   at EShopService.IntegrationTests.Controllers.ProductControllerIntegrationTest.Delete_ExistingProduct_ReturnsNoContent() in C:\Users\adam\Desktop\pp4\loyalty-program-api\EShopService.IntegrationTests\Controllers\ProductControllerIntegrationTest.cs:line 225&#xD;
--- End of stack trace from previous location ---</StackTrace>
        </ErrorInfo>
      </Output>
    </UnitTestResult>
    <UnitTestResult executionId="81359cf7-7ffe-476c-9f9e-0d5c291a0f16" testId="5d3b0778-4f52-2cd8-4903-17ecf171904e" testName="EShopService.IntegrationTests.Controllers.MemberControllerIntegrationTest.CalculateTier_Works" computerName="DESKTOP-V03DCJM" duration="00:00:00.1876172" startTime="2025-06-22T16:23:23.3354801+02:00" endTime="2025-06-22T16:23:23.3354803+02:00" testType="13cdc9d9-ddb5-4fa4-a97d-d965ccfc6d4b" outcome="Failed" testListId="8c84fa94-04c1-424b-9868-57a2d4851a1d" relativeResultsDirectory="81359cf7-7ffe-476c-9f9e-0d5c291a0f16">
      <Output>
        <ErrorInfo>
          <Message>System.Net.Http.HttpRequestException : Response status code does not indicate success: 500 (Internal Server Error).</Message>
          <StackTrace>   at System.Net.Http.HttpResponseMessage.EnsureSuccessStatusCode()&#xD;
   at EShopService.IntegrationTests.Controllers.MemberControllerIntegrationTest.CalculateTier_Works() in C:\Users\adam\Desktop\pp4\loyalty-program-api\EShopService.IntegrationTests\Controllers\MemberControllerIntegrationTest.cs:line 178&#xD;
--- End of stack trace from previous location ---</StackTrace>
        </ErrorInfo>
      </Output>
    </UnitTestResult>
    <UnitTestResult executionId="52b08c7a-fe8f-422e-998d-02cbf6ceaa0a" testId="98c93b46-2a0b-28c3-eb0e-72cd014aa8e1" testName="EShopService.IntegrationTests.Controllers.ProductControllerIntegrationTest.GetAll_ReturnsAllProducts" computerName="DESKTOP-V03DCJM" duration="00:00:01.7258384" startTime="2025-06-22T16:23:22.1147530+02:00" endTime="2025-06-22T16:23:22.1147757+02:00" testType="13cdc9d9-ddb5-4fa4-a97d-d965ccfc6d4b" outcome="Passed" testListId="8c84fa94-04c1-424b-9868-57a2d4851a1d" relativeResultsDirectory="52b08c7a-fe8f-422e-998d-02cbf6ceaa0a" />
    <UnitTestResult executionId="babbf865-0aa9-420f-b05e-18ac7d2b61ab" testId="b19c999c-51d9-4f6f-1169-65702ae72053" testName="EShopService.IntegrationTests.Controllers.ProductControllerIntegrationTest.Create_ValidProduct_ReturnsCreatedProduct" computerName="DESKTOP-V03DCJM" duration="00:00:00.0865493" startTime="2025-06-22T16:23:22.2279477+02:00" endTime="2025-06-22T16:23:22.2279481+02:00" testType="13cdc9d9-ddb5-4fa4-a97d-d965ccfc6d4b" outcome="Failed" testListId="8c84fa94-04c1-424b-9868-57a2d4851a1d" relativeResultsDirectory="babbf865-0aa9-420f-b05e-18ac7d2b61ab">
      <Output>
        <ErrorInfo>
          <Message>System.Net.Http.HttpRequestException : Response status code does not indicate success: 401 (Unauthorized).</Message>
          <StackTrace>   at System.Net.Http.HttpResponseMessage.EnsureSuccessStatusCode()&#xD;
   at EShopService.IntegrationTests.Controllers.ProductControllerIntegrationTest.Create_ValidProduct_ReturnsCreatedProduct() in C:\Users\adam\Desktop\pp4\loyalty-program-api\EShopService.IntegrationTests\Controllers\ProductControllerIntegrationTest.cs:line 124&#xD;
--- End of stack trace from previous location ---</StackTrace>
        </ErrorInfo>
      </Output>
    </UnitTestResult>
    <UnitTestResult executionId="291f5dc3-7fa6-454c-974d-8c2f63b564df" testId="fc8507e5-8202-8f2c-a7c0-fd9ad66d0428" testName="EShopService.IntegrationTests.Controllers.MemberControllerIntegrationTest.UpdateProfile_Works" computerName="DESKTOP-V03DCJM" duration="00:00:00.3353644" startTime="2025-06-22T16:23:22.7238724+02:00" endTime="2025-06-22T16:23:22.7238728+02:00" testType="13cdc9d9-ddb5-4fa4-a97d-d965ccfc6d4b" outcome="Failed" testListId="8c84fa94-04c1-424b-9868-57a2d4851a1d" relativeResultsDirectory="291f5dc3-7fa6-454c-974d-8c2f63b564df">
      <Output>
        <ErrorInfo>
          <Message>System.Net.Http.HttpRequestException : Response status code does not indicate success: 500 (Internal Server Error).</Message>
          <StackTrace>   at System.Net.Http.HttpResponseMessage.EnsureSuccessStatusCode()&#xD;
   at EShopService.IntegrationTests.Controllers.MemberControllerIntegrationTest.UpdateProfile_Works() in C:\Users\adam\Desktop\pp4\loyalty-program-api\EShopService.IntegrationTests\Controllers\MemberControllerIntegrationTest.cs:line 115&#xD;
--- End of stack trace from previous location ---</StackTrace>
        </ErrorInfo>
      </Output>
    </UnitTestResult>
    <UnitTestResult executionId="6a1ca5e0-b043-49ab-bf8f-91655b7af827" testId="f7fd9ef6-9e90-d40f-46fe-852f703902c5" testName="EShopService.IntegrationTests.Controllers.MemberControllerIntegrationTest.GetPointsHistory_EmptyInitially" computerName="DESKTOP-V03DCJM" duration="00:00:01.9032713" startTime="2025-06-22T16:23:22.2862044+02:00" endTime="2025-06-22T16:23:22.2862047+02:00" testType="13cdc9d9-ddb5-4fa4-a97d-d965ccfc6d4b" outcome="Failed" testListId="8c84fa94-04c1-424b-9868-57a2d4851a1d" relativeResultsDirectory="6a1ca5e0-b043-49ab-bf8f-91655b7af827">
      <Output>
        <ErrorInfo>
          <Message>System.Net.Http.HttpRequestException : Response status code does not indicate success: 500 (Internal Server Error).</Message>
          <StackTrace>   at System.Net.Http.HttpResponseMessage.EnsureSuccessStatusCode()&#xD;
   at EShopService.IntegrationTests.Controllers.MemberControllerIntegrationTest.GetPointsHistory_EmptyInitially() in C:\Users\adam\Desktop\pp4\loyalty-program-api\EShopService.IntegrationTests\Controllers\MemberControllerIntegrationTest.cs:line 154&#xD;
--- End of stack trace from previous location ---</StackTrace>
        </ErrorInfo>
      </Output>
    </UnitTestResult>
  </Results>
  <TestDefinitions>
    <UnitTest name="EShopService.IntegrationTests.Controllers.MemberControllerIntegrationTest.CreateAndGetMember_Works" storage="c:\users\adam\desktop\pp4\loyalty-program-api\eshopservice.integrationtests\bin\debug\net8.0\eshopservice.integrationtests.dll" id="2dc72128-6311-56cc-0478-1af6e3850faf">
      <Execution id="73026f9a-ee11-4337-bf47-a8ea56fd0a66" />
      <TestMethod codeBase="C:\Users\adam\Desktop\pp4\loyalty-program-api\EShopService.IntegrationTests\bin\Debug\net8.0\EShopService.IntegrationTests.dll" adapterTypeName="executor://xunit/VsTestRunner2/netcoreapp" className="EShopService.IntegrationTests.Controllers.MemberControllerIntegrationTest" name="CreateAndGetMember_Works" />
    </UnitTest>
    <UnitTest name="EShopService.IntegrationTests.Controllers.ProductControllerIntegrationTest.Update_ValidProduct_ReturnsUpdatedProduct" storage="c:\users\adam\desktop\pp4\loyalty-program-api\eshopservice.integrationtests\bin\debug\net8.0\eshopservice.integrationtests.dll" id="66cff9d5-2567-f1d4-f333-8d6f81d05438">
      <Execution id="4668c520-1139-4e2d-9e81-3b447076f2d1" />
      <TestMethod codeBase="C:\Users\adam\Desktop\pp4\loyalty-program-api\EShopService.IntegrationTests\bin\Debug\net8.0\EShopService.IntegrationTests.dll" adapterTypeName="executor://xunit/VsTestRunner2/netcoreapp" className="EShopService.IntegrationTests.Controllers.ProductControllerIntegrationTest" name="Update_ValidProduct_ReturnsUpdatedProduct" />
    </UnitTest>
    <UnitTest name="EShopService.IntegrationTests.Controllers.MemberControllerIntegrationTest.GetProfile_Unauthorized_IfNoToken" storage="c:\users\adam\desktop\pp4\loyalty-program-api\eshopservice.integrationtests\bin\debug\net8.0\eshopservice.integrationtests.dll" id="ca0653da-2326-8a07-70a7-6fa3576eb631">
      <Execution id="f4fbc877-c24f-4a7a-9339-11adee163a92" />
      <TestMethod codeBase="C:\Users\adam\Desktop\pp4\loyalty-program-api\EShopService.IntegrationTests\bin\Debug\net8.0\EShopService.IntegrationTests.dll" adapterTypeName="executor://xunit/VsTestRunner2/netcoreapp" className="EShopService.IntegrationTests.Controllers.MemberControllerIntegrationTest" name="GetProfile_Unauthorized_IfNoToken" />
    </UnitTest>
    <UnitTest name="EShopService.IntegrationTests.Controllers.ProductControllerIntegrationTest.Delete_ExistingProduct_ReturnsNoContent" storage="c:\users\adam\desktop\pp4\loyalty-program-api\eshopservice.integrationtests\bin\debug\net8.0\eshopservice.integrationtests.dll" id="aedb9d12-b869-83e5-6182-f8e5f52520aa">
      <Execution id="90fe9155-3cfd-4b74-a4c0-bb630f7f9e3f" />
      <TestMethod codeBase="C:\Users\adam\Desktop\pp4\loyalty-program-api\EShopService.IntegrationTests\bin\Debug\net8.0\EShopService.IntegrationTests.dll" adapterTypeName="executor://xunit/VsTestRunner2/netcoreapp" className="EShopService.IntegrationTests.Controllers.ProductControllerIntegrationTest" name="Delete_ExistingProduct_ReturnsNoContent" />
    </UnitTest>
    <UnitTest name="EShopService.IntegrationTests.Controllers.ProductControllerIntegrationTest.GetAll_ReturnsAllProducts" storage="c:\users\adam\desktop\pp4\loyalty-program-api\eshopservice.integrationtests\bin\debug\net8.0\eshopservice.integrationtests.dll" id="98c93b46-2a0b-28c3-eb0e-72cd014aa8e1">
      <Execution id="52b08c7a-fe8f-422e-998d-02cbf6ceaa0a" />
      <TestMethod codeBase="C:\Users\adam\Desktop\pp4\loyalty-program-api\EShopService.IntegrationTests\bin\Debug\net8.0\EShopService.IntegrationTests.dll" adapterTypeName="executor://xunit/VsTestRunner2/netcoreapp" className="EShopService.IntegrationTests.Controllers.ProductControllerIntegrationTest" name="GetAll_ReturnsAllProducts" />
    </UnitTest>
    <UnitTest name="EShopService.IntegrationTests.Controllers.MemberControllerIntegrationTest.UpdateProfile_Works" storage="c:\users\adam\desktop\pp4\loyalty-program-api\eshopservice.integrationtests\bin\debug\net8.0\eshopservice.integrationtests.dll" id="fc8507e5-8202-8f2c-a7c0-fd9ad66d0428">
      <Execution id="291f5dc3-7fa6-454c-974d-8c2f63b564df" />
      <TestMethod codeBase="C:\Users\adam\Desktop\pp4\loyalty-program-api\EShopService.IntegrationTests\bin\Debug\net8.0\EShopService.IntegrationTests.dll" adapterTypeName="executor://xunit/VsTestRunner2/netcoreapp" className="EShopService.IntegrationTests.Controllers.MemberControllerIntegrationTest" name="UpdateProfile_Works" />
    </UnitTest>
    <UnitTest name="EShopService.IntegrationTests.Controllers.MemberControllerIntegrationTest.CalculateTier_Works" storage="c:\users\adam\desktop\pp4\loyalty-program-api\eshopservice.integrationtests\bin\debug\net8.0\eshopservice.integrationtests.dll" id="5d3b0778-4f52-2cd8-4903-17ecf171904e">
      <Execution id="81359cf7-7ffe-476c-9f9e-0d5c291a0f16" />
      <TestMethod codeBase="C:\Users\adam\Desktop\pp4\loyalty-program-api\EShopService.IntegrationTests\bin\Debug\net8.0\EShopService.IntegrationTests.dll" adapterTypeName="executor://xunit/VsTestRunner2/netcoreapp" className="EShopService.IntegrationTests.Controllers.MemberControllerIntegrationTest" name="CalculateTier_Works" />
    </UnitTest>
    <UnitTest name="EShopService.IntegrationTests.Controllers.MemberControllerIntegrationTest.GetProfile_Works" storage="c:\users\adam\desktop\pp4\loyalty-program-api\eshopservice.integrationtests\bin\debug\net8.0\eshopservice.integrationtests.dll" id="8ae0ab74-89dc-ac9d-e31f-275cbc1f9e30">
      <Execution id="7eeda3a5-b4f1-4dab-91fb-df9f631a2d07" />
      <TestMethod codeBase="C:\Users\adam\Desktop\pp4\loyalty-program-api\EShopService.IntegrationTests\bin\Debug\net8.0\EShopService.IntegrationTests.dll" adapterTypeName="executor://xunit/VsTestRunner2/netcoreapp" className="EShopService.IntegrationTests.Controllers.MemberControllerIntegrationTest" name="GetProfile_Works" />
    </UnitTest>
    <UnitTest name="EShopService.IntegrationTests.Controllers.ProductControllerIntegrationTest.Create_ValidProduct_ReturnsCreatedProduct" storage="c:\users\adam\desktop\pp4\loyalty-program-api\eshopservice.integrationtests\bin\debug\net8.0\eshopservice.integrationtests.dll" id="b19c999c-51d9-4f6f-1169-65702ae72053">
      <Execution id="babbf865-0aa9-420f-b05e-18ac7d2b61ab" />
      <TestMethod codeBase="C:\Users\adam\Desktop\pp4\loyalty-program-api\EShopService.IntegrationTests\bin\Debug\net8.0\EShopService.IntegrationTests.dll" adapterTypeName="executor://xunit/VsTestRunner2/netcoreapp" className="EShopService.IntegrationTests.Controllers.ProductControllerIntegrationTest" name="Create_ValidProduct_ReturnsCreatedProduct" />
    </UnitTest>
    <UnitTest name="EShopService.IntegrationTests.Controllers.MemberControllerIntegrationTest.GetPointsHistory_EmptyInitially" storage="c:\users\adam\desktop\pp4\loyalty-program-api\eshopservice.integrationtests\bin\debug\net8.0\eshopservice.integrationtests.dll" id="f7fd9ef6-9e90-d40f-46fe-852f703902c5">
      <Execution id="6a1ca5e0-b043-49ab-bf8f-91655b7af827" />
      <TestMethod codeBase="C:\Users\adam\Desktop\pp4\loyalty-program-api\EShopService.IntegrationTests\bin\Debug\net8.0\EShopService.IntegrationTests.dll" adapterTypeName="executor://xunit/VsTestRunner2/netcoreapp" className="EShopService.IntegrationTests.Controllers.MemberControllerIntegrationTest" name="GetPointsHistory_EmptyInitially" />
    </UnitTest>
  </TestDefinitions>
  <TestEntries>
    <TestEntry testId="ca0653da-2326-8a07-70a7-6fa3576eb631" executionId="f4fbc877-c24f-4a7a-9339-11adee163a92" testListId="8c84fa94-04c1-424b-9868-57a2d4851a1d" />
    <TestEntry testId="66cff9d5-2567-f1d4-f333-8d6f81d05438" executionId="4668c520-1139-4e2d-9e81-3b447076f2d1" testListId="8c84fa94-04c1-424b-9868-57a2d4851a1d" />
    <TestEntry testId="2dc72128-6311-56cc-0478-1af6e3850faf" executionId="73026f9a-ee11-4337-bf47-a8ea56fd0a66" testListId="8c84fa94-04c1-424b-9868-57a2d4851a1d" />
    <TestEntry testId="8ae0ab74-89dc-ac9d-e31f-275cbc1f9e30" executionId="7eeda3a5-b4f1-4dab-91fb-df9f631a2d07" testListId="8c84fa94-04c1-424b-9868-57a2d4851a1d" />
    <TestEntry testId="aedb9d12-b869-83e5-6182-f8e5f52520aa" executionId="90fe9155-3cfd-4b74-a4c0-bb630f7f9e3f" testListId="8c84fa94-04c1-424b-9868-57a2d4851a1d" />
    <TestEntry testId="5d3b0778-4f52-2cd8-4903-17ecf171904e" executionId="81359cf7-7ffe-476c-9f9e-0d5c291a0f16" testListId="8c84fa94-04c1-424b-9868-57a2d4851a1d" />
    <TestEntry testId="98c93b46-2a0b-28c3-eb0e-72cd014aa8e1" executionId="52b08c7a-fe8f-422e-998d-02cbf6ceaa0a" testListId="8c84fa94-04c1-424b-9868-57a2d4851a1d" />
    <TestEntry testId="b19c999c-51d9-4f6f-1169-65702ae72053" executionId="babbf865-0aa9-420f-b05e-18ac7d2b61ab" testListId="8c84fa94-04c1-424b-9868-57a2d4851a1d" />
    <TestEntry testId="fc8507e5-8202-8f2c-a7c0-fd9ad66d0428" executionId="291f5dc3-7fa6-454c-974d-8c2f63b564df" testListId="8c84fa94-04c1-424b-9868-57a2d4851a1d" />
    <TestEntry testId="f7fd9ef6-9e90-d40f-46fe-852f703902c5" executionId="6a1ca5e0-b043-49ab-bf8f-91655b7af827" testListId="8c84fa94-04c1-424b-9868-57a2d4851a1d" />
  </TestEntries>
  <TestLists>
    <TestList name="Wyniki, których nie ma na liście" id="8c84fa94-04c1-424b-9868-57a2d4851a1d" />
    <TestList name="Wszystkie załadowane wyniki" id="19431567-8539-422a-85d7-44ee4e166bda" />
  </TestLists>
  <ResultSummary outcome="Failed">
    <Counters total="10" executed="10" passed="2" failed="8" error="0" timeout="0" aborted="0" inconclusive="0" passedButRunAborted="0" notRunnable="0" notExecuted="0" disconnected="0" warning="0" completed="0" inProgress="0" pending="0" />
    <Output>
      <StdOut>[xUnit.net 00:00:00.00] xUnit.net VSTest Adapter v2.5.3.1+6b60a9e56a (64-bit .NET 8.0.17)&#xD;
[xUnit.net 00:00:00.11]   Discovering: EShopService.IntegrationTests&#xD;
[xUnit.net 00:00:00.15]   Discovered:  EShopService.IntegrationTests&#xD;
[xUnit.net 00:00:00.15]   Starting:    EShopService.IntegrationTests&#xD;
info: Microsoft.EntityFrameworkCore.Update[30100]&#xD;
      Saved 1 entities to in-memory store.&#xD;
info: Microsoft.EntityFrameworkCore.Update[30100]&#xD;
      Saved 1 entities to in-memory store.&#xD;
info: Microsoft.EntityFrameworkCore.Update[30100]&#xD;
      Saved 1 entities to in-memory store.&#xD;
info: Microsoft.EntityFrameworkCore.Update[30100]&#xD;
      Saved 1 entities to in-memory store.&#xD;
info: Microsoft.EntityFrameworkCore.Update[30100]&#xD;
      Saved 0 entities to in-memory store.&#xD;
warn: Microsoft.AspNetCore.HttpsPolicy.HttpsRedirectionMiddleware[3]&#xD;
      Failed to determine the https port for redirect.&#xD;
info: Microsoft.EntityFrameworkCore.Update[30100]&#xD;
      Saved 1 entities to in-memory store.&#xD;
info: Microsoft.EntityFrameworkCore.Update[30100]&#xD;
      Saved 2 entities to in-memory store.&#xD;
warn: Microsoft.AspNetCore.HttpsPolicy.HttpsRedirectionMiddleware[3]&#xD;
      Failed to determine the https port for redirect.&#xD;
info: Microsoft.EntityFrameworkCore.Update[30100]&#xD;
      Saved 1 entities to in-memory store.&#xD;
info: Microsoft.EntityFrameworkCore.Update[30100]&#xD;
      Saved 1 entities to in-memory store.&#xD;
info: Microsoft.EntityFrameworkCore.Update[30100]&#xD;
      Saved 1 entities to in-memory store.&#xD;
info: Microsoft.EntityFrameworkCore.Update[30100]&#xD;
      Saved 0 entities to in-memory store.&#xD;
info: Microsoft.EntityFrameworkCore.Update[30100]&#xD;
      Saved 1 entities to in-memory store.&#xD;
warn: Microsoft.AspNetCore.HttpsPolicy.HttpsRedirectionMiddleware[3]&#xD;
      Failed to determine the https port for redirect.&#xD;
[xUnit.net 00:00:02.05]       System.Net.Http.HttpRequestException : Response status code does not indicate success: 401 (Unauthorized).&#xD;
[xUnit.net 00:00:02.05]       Stack Trace:&#xD;
[xUnit.net 00:00:02.05]            at System.Net.Http.HttpResponseMessage.EnsureSuccessStatusCode()&#xD;
[xUnit.net 00:00:02.05]         C:\Users\adam\Desktop\pp4\loyalty-program-api\EShopService.IntegrationTests\Controllers\ProductControllerIntegrationTest.cs(124,0): at EShopService.IntegrationTests.Controllers.ProductControllerIntegrationTest.Create_ValidProduct_ReturnsCreatedProduct()&#xD;
[xUnit.net 00:00:02.05]         --- End of stack trace from previous location ---&#xD;
info: Microsoft.EntityFrameworkCore.Update[30100]&#xD;
      Saved 1 entities to in-memory store.&#xD;
info: Microsoft.EntityFrameworkCore.Update[30100]&#xD;
      Saved 1 entities to in-memory store.&#xD;
info: Microsoft.EntityFrameworkCore.Update[30100]&#xD;
      Saved 0 entities to in-memory store.&#xD;
info: Microsoft.EntityFrameworkCore.Update[30100]&#xD;
      Saved 1 entities to in-memory store.&#xD;
info: Microsoft.EntityFrameworkCore.Update[30100]&#xD;
      Saved 1 entities to in-memory store.&#xD;
fail: Microsoft.AspNetCore.Diagnostics.DeveloperExceptionPageMiddleware[1]&#xD;
      An unhandled exception has occurred while executing the request.&#xD;
      Microsoft.EntityFrameworkCore.DbUpdateConcurrencyException: Attempted to update or delete an entity that does not exist in the store.&#xD;
         at Microsoft.EntityFrameworkCore.InMemory.Storage.Internal.InMemoryTable`1.Update(IUpdateEntry entry, IDiagnosticsLogger`1 updateLogger)&#xD;
         at Microsoft.EntityFrameworkCore.InMemory.Storage.Internal.InMemoryStore.ExecuteTransaction(IList`1 entries, IDiagnosticsLogger`1 updateLogger)&#xD;
         at Microsoft.EntityFrameworkCore.InMemory.Storage.Internal.InMemoryDatabase.SaveChangesAsync(IList`1 entries, CancellationToken cancellationToken)&#xD;
         at Microsoft.EntityFrameworkCore.ChangeTracking.Internal.StateManager.SaveChangesAsync(IList`1 entriesToSave, CancellationToken cancellationToken)&#xD;
         at Microsoft.EntityFrameworkCore.ChangeTracking.Internal.StateManager.SaveChangesAsync(StateManager stateManager, Boolean acceptAllChangesOnSuccess, CancellationToken cancellationToken)&#xD;
         at Microsoft.EntityFrameworkCore.DbContext.SaveChangesAsync(Boolean acceptAllChangesOnSuccess, CancellationToken cancellationToken)&#xD;
         at Microsoft.AspNetCore.Identity.EntityFrameworkCore.UserStore`9.CreateAsync(TUser user, CancellationToken cancellationToken)&#xD;
         at Microsoft.AspNetCore.Identity.UserManager`1.CreateAsync(TUser user)&#xD;
         at Microsoft.AspNetCore.Identity.UserManager`1.CreateAsync(TUser user, String password)&#xD;
         at EShop.Application.Services.Auth.AuthService.RegisterAsync(RegisterRequest request) in C:\Users\adam\Desktop\pp4\loyalty-program-api\EShop.Application\Services\Auth\AuthService.cs:line 57&#xD;
         at EShopService.Controllers.AuthController.Register(RegisterRequest request) in C:\Users\adam\Desktop\pp4\loyalty-program-api\EShopService\Controllers\AuthController.cs:line 22&#xD;
         at Microsoft.AspNetCore.Mvc.Infrastructure.ActionMethodExecutor.TaskOfIActionResultExecutor.Execute(ActionContext actionContext, IActionResultTypeMapper mapper, ObjectMethodExecutor executor, Object controller, Object[] arguments)&#xD;
         at Microsoft.AspNetCore.Mvc.Infrastructure.ControllerActionInvoker.&lt;InvokeActionMethodAsync&gt;g__Awaited|12_0(ControllerActionInvoker invoker, ValueTask`1 actionResultValueTask)&#xD;
         at Microsoft.AspNetCore.Mvc.Infrastructure.ControllerActionInvoker.&lt;InvokeNextActionFilterAsync&gt;g__Awaited|10_0(ControllerActionInvoker invoker, Task lastTask, State next, Scope scope, Object state, Boolean isCompleted)&#xD;
         at Microsoft.AspNetCore.Mvc.Infrastructure.ControllerActionInvoker.Rethrow(ActionExecutedContextSealed context)&#xD;
         at Microsoft.AspNetCore.Mvc.Infrastructure.ControllerActionInvoker.Next(State&amp; next, Scope&amp; scope, Object&amp; state, Boolean&amp; isCompleted)&#xD;
         at Microsoft.AspNetCore.Mvc.Infrastructure.ControllerActionInvoker.InvokeInnerFilterAsync()&#xD;
      --- End of stack trace from previous location ---&#xD;
         at Microsoft.AspNetCore.Mvc.Infrastructure.ResourceInvoker.&lt;InvokeFilterPipelineAsync&gt;g__Awaited|20_0(ResourceInvoker invoker, Task lastTask, State next, Scope scope, Object state, Boolean isCompleted)&#xD;
         at Microsoft.AspNetCore.Mvc.Infrastructure.ResourceInvoker.&lt;InvokeAsync&gt;g__Awaited|17_0(ResourceInvoker invoker, Task task, IDisposable scope)&#xD;
         at Microsoft.AspNetCore.Mvc.Infrastructure.ResourceInvoker.&lt;InvokeAsync&gt;g__Awaited|17_0(ResourceInvoker invoker, Task task, IDisposable scope)&#xD;
         at Microsoft.AspNetCore.Authorization.AuthorizationMiddleware.Invoke(HttpContext context)&#xD;
         at Microsoft.AspNetCore.Authentication.AuthenticationMiddleware.Invoke(HttpContext context)&#xD;
         at Swashbuckle.AspNetCore.SwaggerUI.SwaggerUIMiddleware.Invoke(HttpContext httpContext)&#xD;
         at Swashbuckle.AspNetCore.Swagger.SwaggerMiddleware.Invoke(HttpContext httpContext, ISwaggerProvider swaggerProvider)&#xD;
         at Microsoft.AspNetCore.Diagnostics.DeveloperExceptionPageMiddlewareImpl.Invoke(HttpContext context)&#xD;
[xUnit.net 00:00:02.10]       Newtonsoft.Json.JsonSerializationException : Self referencing loop detected for property 'Category' with type 'EShop.Domain.Models.Category'. Path 'Category.Products[0]'.&#xD;
[xUnit.net 00:00:02.10]       Stack Trace:&#xD;
[xUnit.net 00:00:02.10]            at Newtonsoft.Json.Serialization.JsonSerializerInternalWriter.CheckForCircularReference(JsonWriter writer, Object value, JsonProperty property, JsonContract contract, JsonContainerContract containerContract, JsonProperty containerProperty)&#xD;
[xUnit.net 00:00:02.10]            at Newtonsoft.Json.Serialization.JsonSerializerInternalWriter.CalculatePropertyValues(JsonWriter writer, Object value, JsonContainerContract contract, JsonProperty member, JsonProperty property, JsonContract&amp; memberContract, Object&amp; memberValue)&#xD;
[xUnit.net 00:00:02.10]            at Newtonsoft.Json.Serialization.JsonSerializerInternalWriter.SerializeObject(JsonWriter writer, Object value, JsonObjectContract contract, JsonProperty member, JsonContainerContract collectionContract, JsonProperty containerProperty)&#xD;
[xUnit.net 00:00:02.10]            at Newtonsoft.Json.Serialization.JsonSerializerInternalWriter.SerializeValue(JsonWriter writer, Object value, JsonContract valueContract, JsonProperty member, JsonContainerContract containerContract, JsonProperty containerProperty)&#xD;
[xUnit.net 00:00:02.10]            at Newtonsoft.Json.Serialization.JsonSerializerInternalWriter.SerializeList(JsonWriter writer, IEnumerable values, JsonArrayContract contract, JsonProperty member, JsonContainerContract collectionContract, JsonProperty containerProperty)&#xD;
[xUnit.net 00:00:02.10]            at Newtonsoft.Json.Serialization.JsonSerializerInternalWriter.SerializeValue(JsonWriter writer, Object value, JsonContract valueContract, JsonProperty member, JsonContainerContract containerContract, JsonProperty containerProperty)&#xD;
[xUnit.net 00:00:02.10]            at Newtonsoft.Json.Serialization.JsonSerializerInternalWriter.SerializeObject(JsonWriter writer, Object value, JsonObjectContract contract, JsonProperty member, JsonContainerContract collectionContract, JsonProperty containerProperty)&#xD;
[xUnit.net 00:00:02.10]            at Newtonsoft.Json.Serialization.JsonSerializerInternalWriter.SerializeValue(JsonWriter writer, Object value, JsonContract valueContract, JsonProperty member, JsonContainerContract containerContract, JsonProperty containerProperty)&#xD;
[xUnit.net 00:00:02.10]            at Newtonsoft.Json.Serialization.JsonSerializerInternalWriter.SerializeObject(JsonWriter writer, Object value, JsonObjectContract contract, JsonProperty member, JsonContainerContract collectionContract, JsonProperty containerProperty)&#xD;
[xUnit.net 00:00:02.10]            at Newtonsoft.Json.Serialization.JsonSerializerInternalWriter.SerializeValue(JsonWriter writer, Object value, JsonContract valueContract, JsonProperty member, JsonContainerContract containerContract, JsonProperty containerProperty)&#xD;
[xUnit.net 00:00:02.10]            at Newtonsoft.Json.Serialization.JsonSerializerInternalWriter.Serialize(JsonWriter jsonWriter, Object value, Type objectType)&#xD;
[xUnit.net 00:00:02.10]            at Newtonsoft.Json.JsonSerializer.SerializeInternal(JsonWriter jsonWriter, Object value, Type objectType)&#xD;
[xUnit.net 00:00:02.10]            at Newtonsoft.Json.JsonSerializer.Serialize(JsonWriter jsonWriter, Object value, Type objectType)&#xD;
[xUnit.net 00:00:02.10]            at Newtonsoft.Json.JsonConvert.SerializeObjectInternal(Object value, Type type, JsonSerializer jsonSerializer)&#xD;
[xUnit.net 00:00:02.10]            at Newtonsoft.Json.JsonConvert.SerializeObject(Object value, Type type, JsonSerializerSettings settings)&#xD;
[xUnit.net 00:00:02.10]            at Newtonsoft.Json.JsonConvert.SerializeObject(Object value)&#xD;
[xUnit.net 00:00:02.10]         C:\Users\adam\Desktop\pp4\loyalty-program-api\EShopService.IntegrationTests\Controllers\ProductControllerIntegrationTest.cs(176,0): at EShopService.IntegrationTests.Controllers.ProductControllerIntegrationTest.Update_ValidProduct_ReturnsUpdatedProduct()&#xD;
[xUnit.net 00:00:02.10]         --- End of stack trace from previous location ---&#xD;
[xUnit.net 00:00:02.11]       System.Net.Http.HttpRequestException : Response status code does not indicate success: 500 (Internal Server Error).&#xD;
[xUnit.net 00:00:02.11]       Stack Trace:&#xD;
[xUnit.net 00:00:02.11]            at System.Net.Http.HttpResponseMessage.EnsureSuccessStatusCode()&#xD;
[xUnit.net 00:00:02.11]         C:\Users\adam\Desktop\pp4\loyalty-program-api\EShopService.IntegrationTests\Controllers\MemberControllerIntegrationTest.cs(154,0): at EShopService.IntegrationTests.Controllers.MemberControllerIntegrationTest.GetPointsHistory_EmptyInitially()&#xD;
[xUnit.net 00:00:02.11]         --- End of stack trace from previous location ---&#xD;
info: Microsoft.EntityFrameworkCore.Update[30100]&#xD;
      Saved 1 entities to in-memory store.&#xD;
info: Microsoft.EntityFrameworkCore.Update[30100]&#xD;
      Saved 1 entities to in-memory store.&#xD;
info: Microsoft.EntityFrameworkCore.Update[30100]&#xD;
      Saved 1 entities to in-memory store.&#xD;
info: Microsoft.EntityFrameworkCore.Update[30100]&#xD;
      Saved 1 entities to in-memory store.&#xD;
info: Microsoft.EntityFrameworkCore.Update[30100]&#xD;
      Saved 0 entities to in-memory store.&#xD;
info: Microsoft.EntityFrameworkCore.Update[30100]&#xD;
      Saved 1 entities to in-memory store.&#xD;
info: Microsoft.EntityFrameworkCore.Update[30100]&#xD;
      Saved 1 entities to in-memory store.&#xD;
warn: Microsoft.AspNetCore.HttpsPolicy.HttpsRedirectionMiddleware[3]&#xD;
      Failed to determine the https port for redirect.&#xD;
warn: Microsoft.AspNetCore.HttpsPolicy.HttpsRedirectionMiddleware[3]&#xD;
      Failed to determine the https port for redirect.&#xD;
[xUnit.net 00:00:02.21]       System.Net.Http.HttpRequestException : Response status code does not indicate success: 405 (Method Not Allowed).&#xD;
[xUnit.net 00:00:02.21]       Stack Trace:&#xD;
[xUnit.net 00:00:02.21]            at System.Net.Http.HttpResponseMessage.EnsureSuccessStatusCode()&#xD;
[xUnit.net 00:00:02.21]         C:\Users\adam\Desktop\pp4\loyalty-program-api\EShopService.IntegrationTests\Controllers\MemberControllerIntegrationTest.cs(59,0): at EShopService.IntegrationTests.Controllers.MemberControllerIntegrationTest.CreateAndGetMember_Works()&#xD;
[xUnit.net 00:00:02.21]         --- End of stack trace from previous location ---&#xD;
[xUnit.net 00:00:02.21]       Assert.Equal() Failure: Values differ&#xD;
[xUnit.net 00:00:02.21]       Expected: NoContent&#xD;
[xUnit.net 00:00:02.21]       Actual:   Unauthorized&#xD;
[xUnit.net 00:00:02.21]       Stack Trace:&#xD;
[xUnit.net 00:00:02.21]         C:\Users\adam\Desktop\pp4\loyalty-program-api\EShopService.IntegrationTests\Controllers\ProductControllerIntegrationTest.cs(225,0): at EShopService.IntegrationTests.Controllers.ProductControllerIntegrationTest.Delete_ExistingProduct_ReturnsNoContent()&#xD;
[xUnit.net 00:00:02.21]         --- End of stack trace from previous location ---&#xD;
info: Microsoft.EntityFrameworkCore.Update[30100]&#xD;
      Saved 1 entities to in-memory store.&#xD;
info: Microsoft.EntityFrameworkCore.Update[30100]&#xD;
      Saved 1 entities to in-memory store.&#xD;
warn: Microsoft.AspNetCore.HttpsPolicy.HttpsRedirectionMiddleware[3]&#xD;
      Failed to determine the https port for redirect.&#xD;
info: Microsoft.EntityFrameworkCore.Update[30100]&#xD;
      Saved 1 entities to in-memory store.&#xD;
info: Microsoft.EntityFrameworkCore.Update[30100]&#xD;
      Saved 2 entities to in-memory store.&#xD;
info: Microsoft.EntityFrameworkCore.Update[30100]&#xD;
      Saved 1 entities to in-memory store.&#xD;
fail: Microsoft.AspNetCore.Diagnostics.DeveloperExceptionPageMiddleware[1]&#xD;
      An unhandled exception has occurred while executing the request.&#xD;
      System.Text.Json.JsonException: A possible object cycle was detected. This can either be due to a cycle or if the object depth is larger than the maximum allowed depth of 32. Consider using ReferenceHandler.Preserve on JsonSerializerOptions to support cycles. Path: $.user.Member.User.Member.User.Member.User.Member.User.Member.User.Member.User.Member.User.Member.User.Member.User.Member.User.Member.User.Member.User.Member.User.Member.User.Member.User.FirstName.&#xD;
         at System.Text.Json.ThrowHelper.ThrowJsonException_SerializerCycleDetected(Int32 maxDepth)&#xD;
         at System.Text.Json.Serialization.JsonConverter`1.TryWrite(Utf8JsonWriter writer, T&amp; value, JsonSerializerOptions options, WriteStack&amp; state)&#xD;
         at System.Text.Json.Serialization.Metadata.JsonPropertyInfo`1.GetMemberAndWriteJson(Object obj, WriteStack&amp; state, Utf8JsonWriter writer)&#xD;
         at System.Text.Json.Serialization.Converters.ObjectDefaultConverter`1.OnTryWrite(Utf8JsonWriter writer, T value, JsonSerializerOptions options, WriteStack&amp; state)&#xD;
         at System.Text.Json.Serialization.JsonConverter`1.TryWrite(Utf8JsonWriter writer, T&amp; value, JsonSerializerOptions options, WriteStack&amp; state)&#xD;
         at System.Text.Json.Serialization.Metadata.JsonPropertyInfo`1.GetMemberAndWriteJson(Object obj, WriteStack&amp; state, Utf8JsonWriter writer)&#xD;
         at System.Text.Json.Serialization.Converters.ObjectDefaultConverter`1.OnTryWrite(Utf8JsonWriter writer, T value, JsonSerializerOptions options, WriteStack&amp; state)&#xD;
         at System.Text.Json.Serialization.JsonConverter`1.TryWrite(Utf8JsonWriter writer, T&amp; value, JsonSerializerOptions options, WriteStack&amp; state)&#xD;
         at System.Text.Json.Serialization.Metadata.JsonPropertyInfo`1.GetMemberAndWriteJson(Object obj, WriteStack&amp; state, Utf8JsonWriter writer)&#xD;
         at System.Text.Json.Serialization.Converters.ObjectDefaultConverter`1.OnTryWrite(Utf8JsonWriter writer, T value, JsonSerializerOptions options, WriteStack&amp; state)&#xD;
         at System.Text.Json.Serialization.JsonConverter`1.TryWrite(Utf8JsonWriter writer, T&amp; value, JsonSerializerOptions options, WriteStack&amp; state)&#xD;
         at System.Text.Json.Serialization.Metadata.JsonPropertyInfo`1.GetMemberAndWriteJson(Object obj, WriteStack&amp; state, Utf8JsonWriter writer)&#xD;
         at System.Text.Json.Serialization.Converters.ObjectDefaultConverter`1.OnTryWrite(Utf8JsonWriter writer, T value, JsonSerializerOptions options, WriteStack&amp; state)&#xD;
         at System.Text.Json.Serialization.JsonConverter`1.TryWrite(Utf8JsonWriter writer, T&amp; value, JsonSerializerOptions options, WriteStack&amp; state)&#xD;
         at System.Text.Json.Serialization.Metadata.JsonPropertyInfo`1.GetMemberAndWriteJson(Object obj, WriteStack&amp; state, Utf8JsonWriter writer)&#xD;
         at System.Text.Json.Serialization.Converters.ObjectDefaultConverter`1.OnTryWrite(Utf8JsonWriter writer, T value, JsonSerializerOptions options, WriteStack&amp; state)&#xD;
         at System.Text.Json.Serialization.JsonConverter`1.TryWrite(Utf8JsonWriter writer, T&amp; value, JsonSerializerOptions options, WriteStack&amp; state)&#xD;
         at System.Text.Json.Serialization.Metadata.JsonPropertyInfo`1.GetMemberAndWriteJson(Object obj, WriteStack&amp; state, Utf8JsonWriter writer)&#xD;
         at System.Text.Json.Serialization.Converters.ObjectDefaultConverter`1.OnTryWrite(Utf8JsonWriter writer, T value, JsonSerializerOptions options, WriteStack&amp; state)&#xD;
         at System.Text.Json.Serialization.JsonConverter`1.TryWrite(Utf8JsonWriter writer, T&amp; value, JsonSerializerOptions options, WriteStack&amp; state)&#xD;
         at System.Text.Json.Serialization.Metadata.JsonPropertyInfo`1.GetMemberAndWriteJson(Object obj, WriteStack&amp; state, Utf8JsonWriter writer)&#xD;
         at System.Text.Json.Serialization.Converters.ObjectDefaultConverter`1.OnTryWrite(Utf8JsonWriter writer, T value, JsonSerializerOptions options, WriteStack&amp; state)&#xD;
         at System.Text.Json.Serialization.JsonConverter`1.TryWrite(Utf8JsonWriter writer, T&amp; value, JsonSerializerOptions options, WriteStack&amp; state)&#xD;
         at System.Text.Json.Serialization.Metadata.JsonPropertyInfo`1.GetMemberAndWriteJson(Object obj, WriteStack&amp; state, Utf8JsonWriter writer)&#xD;
         at System.Text.Json.Serialization.Converters.ObjectDefaultConverter`1.OnTryWrite(Utf8JsonWriter writer, T value, JsonSerializerOptions options, WriteStack&amp; state)&#xD;
         at System.Text.Json.Serialization.JsonConverter`1.TryWrite(Utf8JsonWriter writer, T&amp; value, JsonSerializerOptions options, WriteStack&amp; state)&#xD;
         at System.Text.Json.Serialization.Metadata.JsonPropertyInfo`1.GetMemberAndWriteJson(Object obj, WriteStack&amp; state, Utf8JsonWriter writer)&#xD;
         at System.Text.Json.Serialization.Converters.ObjectDefaultConverter`1.OnTryWrite(Utf8JsonWriter writer, T value, JsonSerializerOptions options, WriteStack&amp; state)&#xD;
         at System.Text.Json.Serialization.JsonConverter`1.TryWrite(Utf8JsonWriter writer, T&amp; value, JsonSerializerOptions options, WriteStack&amp; state)&#xD;
         at System.Text.Json.Serialization.Metadata.JsonPropertyInfo`1.GetMemberAndWriteJson(Object obj, WriteStack&amp; state, Utf8JsonWriter writer)&#xD;
         at System.Text.Json.Serialization.Converters.ObjectDefaultConverter`1.OnTryWrite(Utf8JsonWriter writer, T value, JsonSerializerOptions options, WriteStack&amp; state)&#xD;
         at System.Text.Json.Serialization.JsonConverter`1.TryWrite(Utf8JsonWriter writer, T&amp; value, JsonSerializerOptions options, WriteStack&amp; state)&#xD;
         at System.Text.Json.Serialization.Metadata.JsonPropertyInfo`1.GetMemberAndWriteJson(Object obj, WriteStack&amp; state, Utf8JsonWriter writer)&#xD;
         at System.Text.Json.Serialization.Converters.ObjectDefaultConverter`1.OnTryWrite(Utf8JsonWriter writer, T value, JsonSerializerOptions options, WriteStack&amp; state)&#xD;
         at System.Text.Json.Serialization.JsonConverter`1.TryWrite(Utf8JsonWriter writer, T&amp; value, JsonSerializerOptions options, WriteStack&amp; state)&#xD;
         at System.Text.Json.Serialization.Metadata.JsonPropertyInfo`1.GetMemberAndWriteJson(Object obj, WriteStack&amp; state, Utf8JsonWriter writer)&#xD;
         at System.Text.Json.Serialization.Converters.ObjectDefaultConverter`1.OnTryWrite(Utf8JsonWriter writer, T value, JsonSerializerOptions options, WriteStack&amp; state)&#xD;
         at System.Text.Json.Serialization.JsonConverter`1.TryWrite(Utf8JsonWriter writer, T&amp; value, JsonSerializerOptions options, WriteStack&amp; state)&#xD;
         at System.Text.Json.Serialization.Metadata.JsonPropertyInfo`1.GetMemberAndWriteJson(Object obj, WriteStack&amp; state, Utf8JsonWriter writer)&#xD;
         at System.Text.Json.Serialization.Converters.ObjectDefaultConverter`1.OnTryWrite(Utf8JsonWriter writer, T value, JsonSerializerOptions options, WriteStack&amp; state)&#xD;
         at System.Text.Json.Serialization.JsonConverter`1.TryWrite(Utf8JsonWriter writer, T&amp; value, JsonSerializerOptions options, WriteStack&amp; state)&#xD;
         at System.Text.Json.Serialization.Metadata.JsonPropertyInfo`1.GetMemberAndWriteJson(Object obj, WriteStack&amp; state, Utf8JsonWriter writer)&#xD;
         at System.Text.Json.Serialization.Converters.ObjectDefaultConverter`1.OnTryWrite(Utf8JsonWriter writer, T value, JsonSerializerOptions options, WriteStack&amp; state)&#xD;
         at System.Text.Json.Serialization.JsonConverter`1.TryWrite(Utf8JsonWriter writer, T&amp; value, JsonSerializerOptions options, WriteStack&amp; state)&#xD;
         at System.Text.Json.Serialization.Metadata.JsonPropertyInfo`1.GetMemberAndWriteJson(Object obj, WriteStack&amp; state, Utf8JsonWriter writer)&#xD;
         at System.Text.Json.Serialization.Converters.ObjectDefaultConverter`1.OnTryWrite(Utf8JsonWriter writer, T value, JsonSerializerOptions options, WriteStack&amp; state)&#xD;
         at System.Text.Json.Serialization.JsonConverter`1.TryWrite(Utf8JsonWriter writer, T&amp; value, JsonSerializerOptions options, WriteStack&amp; state)&#xD;
         at System.Text.Json.Serialization.Metadata.JsonPropertyInfo`1.GetMemberAndWriteJson(Object obj, WriteStack&amp; state, Utf8JsonWriter writer)&#xD;
         at System.Text.Json.Serialization.Converters.ObjectDefaultConverter`1.OnTryWrite(Utf8JsonWriter writer, T value, JsonSerializerOptions options, WriteStack&amp; state)&#xD;
         at System.Text.Json.Serialization.JsonConverter`1.TryWrite(Utf8JsonWriter writer, T&amp; value, JsonSerializerOptions options, WriteStack&amp; state)&#xD;
         at System.Text.Json.Serialization.Metadata.JsonPropertyInfo`1.GetMemberAndWriteJson(Object obj, WriteStack&amp; state, Utf8JsonWriter writer)&#xD;
         at System.Text.Json.Serialization.Converters.ObjectDefaultConverter`1.OnTryWrite(Utf8JsonWriter writer, T value, JsonSerializerOptions options, WriteStack&amp; state)&#xD;
         at System.Text.Json.Serialization.JsonConverter`1.TryWrite(Utf8JsonWriter writer, T&amp; value, JsonSerializerOptions options, WriteStack&amp; state)&#xD;
         at System.Text.Json.Serialization.Metadata.JsonPropertyInfo`1.GetMemberAndWriteJson(Object obj, WriteStack&amp; state, Utf8JsonWriter writer)&#xD;
         at System.Text.Json.Serialization.Converters.ObjectDefaultConverter`1.OnTryWrite(Utf8JsonWriter writer, T value, JsonSerializerOptions options, WriteStack&amp; state)&#xD;
         at System.Text.Json.Serialization.JsonConverter`1.TryWrite(Utf8JsonWriter writer, T&amp; value, JsonSerializerOptions options, WriteStack&amp; state)&#xD;
         at System.Text.Json.Serialization.Metadata.JsonPropertyInfo`1.GetMemberAndWriteJson(Object obj, WriteStack&amp; state, Utf8JsonWriter writer)&#xD;
         at System.Text.Json.Serialization.Converters.ObjectDefaultConverter`1.OnTryWrite(Utf8JsonWriter writer, T value, JsonSerializerOptions options, WriteStack&amp; state)&#xD;
         at System.Text.Json.Serialization.JsonConverter`1.TryWrite(Utf8JsonWriter writer, T&amp; value, JsonSerializerOptions options, WriteStack&amp; state)&#xD;
         at System.Text.Json.Serialization.Metadata.JsonPropertyInfo`1.GetMemberAndWriteJson(Object obj, WriteStack&amp; state, Utf8JsonWriter writer)&#xD;
         at System.Text.Json.Serialization.Converters.ObjectDefaultConverter`1.OnTryWrite(Utf8JsonWriter writer, T value, JsonSerializerOptions options, WriteStack&amp; state)&#xD;
         at System.Text.Json.Serialization.JsonConverter`1.TryWrite(Utf8JsonWriter writer, T&amp; value, JsonSerializerOptions options, WriteStack&amp; state)&#xD;
         at System.Text.Json.Serialization.Metadata.JsonPropertyInfo`1.GetMemberAndWriteJson(Object obj, WriteStack&amp; state, Utf8JsonWriter writer)&#xD;
         at System.Text.Json.Serialization.Converters.ObjectDefaultConverter`1.OnTryWrite(Utf8JsonWriter writer, T value, JsonSerializerOptions options, WriteStack&amp; state)&#xD;
         at System.Text.Json.Serialization.JsonConverter`1.TryWrite(Utf8JsonWriter writer, T&amp; value, JsonSerializerOptions options, WriteStack&amp; state)&#xD;
         at System.Text.Json.Serialization.Metadata.JsonPropertyInfo`1.GetMemberAndWriteJson(Object obj, WriteStack&amp; state, Utf8JsonWriter writer)&#xD;
         at System.Text.Json.Serialization.Converters.ObjectDefaultConverter`1.OnTryWrite(Utf8JsonWriter writer, T value, JsonSerializerOptions options, WriteStack&amp; state)&#xD;
         at System.Text.Json.Serialization.JsonConverter`1.TryWrite(Utf8JsonWriter writer, T&amp; value, JsonSerializerOptions options, WriteStack&amp; state)&#xD;
         at System.Text.Json.Serialization.Metadata.JsonPropertyInfo`1.GetMemberAndWriteJson(Object obj, WriteStack&amp; state, Utf8JsonWriter writer)&#xD;
         at System.Text.Json.Serialization.Converters.ObjectDefaultConverter`1.OnTryWrite(Utf8JsonWriter writer, T value, JsonSerializerOptions options, WriteStack&amp; state)&#xD;
         at System.Text.Json.Serialization.JsonConverter`1.TryWrite(Utf8JsonWriter writer, T&amp; value, JsonSerializerOptions options, WriteStack&amp; state)&#xD;
         at System.Text.Json.Serialization.Metadata.JsonPropertyInfo`1.GetMemberAndWriteJson(Object obj, WriteStack&amp; state, Utf8JsonWriter writer)&#xD;
         at System.Text.Json.Serialization.Converters.ObjectDefaultConverter`1.OnTryWrite(Utf8JsonWriter writer, T value, JsonSerializerOptions options, WriteStack&amp; state)&#xD;
         at System.Text.Json.Serialization.JsonConverter`1.TryWrite(Utf8JsonWriter writer, T&amp; value, JsonSerializerOptions options, WriteStack&amp; state)&#xD;
         at System.Text.Json.Serialization.Metadata.JsonPropertyInfo`1.GetMemberAndWriteJson(Object obj, WriteStack&amp; state, Utf8JsonWriter writer)&#xD;
         at System.Text.Json.Serialization.Converters.ObjectDefaultConverter`1.OnTryWrite(Utf8JsonWriter writer, T value, JsonSerializerOptions options, WriteStack&amp; state)&#xD;
         at System.Text.Json.Serialization.JsonConverter`1.TryWrite(Utf8JsonWriter writer, T&amp; value, JsonSerializerOptions options, WriteStack&amp; state)&#xD;
         at System.Text.Json.Serialization.Metadata.JsonPropertyInfo`1.GetMemberAndWriteJson(Object obj, WriteStack&amp; state, Utf8JsonWriter writer)&#xD;
         at System.Text.Json.Serialization.Converters.ObjectDefaultConverter`1.OnTryWrite(Utf8JsonWriter writer, T value, JsonSerializerOptions options, WriteStack&amp; state)&#xD;
         at System.Text.Json.Serialization.JsonConverter`1.TryWrite(Utf8JsonWriter writer, T&amp; value, JsonSerializerOptions options, WriteStack&amp; state)&#xD;
         at System.Text.Json.Serialization.Metadata.JsonPropertyInfo`1.GetMemberAndWriteJson(Object obj, WriteStack&amp; state, Utf8JsonWriter writer)&#xD;
         at System.Text.Json.Serialization.Converters.ObjectDefaultConverter`1.OnTryWrite(Utf8JsonWriter writer, T value, JsonSerializerOptions options, WriteStack&amp; state)&#xD;
         at System.Text.Json.Serialization.JsonConverter`1.TryWrite(Utf8JsonWriter writer, T&amp; value, JsonSerializerOptions options, WriteStack&amp; state)&#xD;
         at System.Text.Json.Serialization.Metadata.JsonPropertyInfo`1.GetMemberAndWriteJson(Object obj, WriteStack&amp; state, Utf8JsonWriter writer)&#xD;
         at System.Text.Json.Serialization.Converters.ObjectDefaultConverter`1.OnTryWrite(Utf8JsonWriter writer, T value, JsonSerializerOptions options, WriteStack&amp; state)&#xD;
         at System.Text.Json.Serialization.JsonConverter`1.TryWrite(Utf8JsonWriter writer, T&amp; value, JsonSerializerOptions options, WriteStack&amp; state)&#xD;
         at System.Text.Json.Serialization.Metadata.JsonPropertyInfo`1.GetMemberAndWriteJson(Object obj, WriteStack&amp; state, Utf8JsonWriter writer)&#xD;
         at System.Text.Json.Serialization.Converters.ObjectDefaultConverter`1.OnTryWrite(Utf8JsonWriter writer, T value, JsonSerializerOptions options, WriteStack&amp; state)&#xD;
         at System.Text.Json.Serialization.JsonConverter`1.TryWrite(Utf8JsonWriter writer, T&amp; value, JsonSerializerOptions options, WriteStack&amp; state)&#xD;
         at System.Text.Json.Serialization.Metadata.JsonPropertyInfo`1.GetMemberAndWriteJson(Object obj, WriteStack&amp; state, Utf8JsonWriter writer)&#xD;
         at System.Text.Json.Serialization.Converters.ObjectDefaultConverter`1.OnTryWrite(Utf8JsonWriter writer, T value, JsonSerializerOptions options, WriteStack&amp; state)&#xD;
         at System.Text.Json.Serialization.JsonConverter`1.TryWrite(Utf8JsonWriter writer, T&amp; value, JsonSerializerOptions options, WriteStack&amp; state)&#xD;
         at System.Text.Json.Serialization.Metadata.JsonPropertyInfo`1.GetMemberAndWriteJson(Object obj, WriteStack&amp; state, Utf8JsonWriter writer)&#xD;
         at System.Text.Json.Serialization.Converters.ObjectDefaultConverter`1.OnTryWrite(Utf8JsonWriter writer, T value, JsonSerializerOptions options, WriteStack&amp; state)&#xD;
         at System.Text.Json.Serialization.JsonConverter`1.TryWrite(Utf8JsonWriter writer, T&amp; value, JsonSerializerOptions options, WriteStack&amp; state)&#xD;
         at System.Text.Json.Serialization.Metadata.JsonPropertyInfo`1.GetMemberAndWriteJson(Object obj, WriteStack&amp; state, Utf8JsonWriter writer)&#xD;
         at System.Text.Json.Serialization.Converters.ObjectDefaultConverter`1.OnTryWrite(Utf8JsonWriter writer, T value, JsonSerializerOptions options, WriteStack&amp; state)&#xD;
         at System.Text.Json.Serialization.JsonConverter`1.TryWrite(Utf8JsonWriter writer, T&amp; value, JsonSerializerOptions options, WriteStack&amp; state)&#xD;
         at System.Text.Json.Serialization.JsonConverter`1.WriteCore(Utf8JsonWriter writer, T&amp; value, JsonSerializerOptions options, WriteStack&amp; state)&#xD;
         at System.Text.Json.Serialization.Metadata.JsonTypeInfo`1.SerializeAsync(Stream utf8Json, T rootValue, CancellationToken cancellationToken, Object rootValueBoxed)&#xD;
         at System.Text.Json.Serialization.Metadata.JsonTypeInfo`1.SerializeAsync(Stream utf8Json, T rootValue, CancellationToken cancellationToken, Object rootValueBoxed)&#xD;
         at System.Text.Json.Serialization.Metadata.JsonTypeInfo`1.SerializeAsync(Stream utf8Json, T rootValue, CancellationToken cancellationToken, Object rootValueBoxed)&#xD;
         at Microsoft.AspNetCore.Mvc.Formatters.SystemTextJsonOutputFormatter.WriteResponseBodyAsync(OutputFormatterWriteContext context, Encoding selectedEncoding)&#xD;
         at Microsoft.AspNetCore.Mvc.Infrastructure.ResourceInvoker.&lt;InvokeNextResultFilterAsync&gt;g__Awaited|30_0[TFilter,TFilterAsync](ResourceInvoker invoker, Task lastTask, State next, Scope scope, Object state, Boolean isCompleted)&#xD;
         at Microsoft.AspNetCore.Mvc.Infrastructure.ResourceInvoker.Rethrow(ResultExecutedContextSealed context)&#xD;
         at Microsoft.AspNetCore.Mvc.Infrastructure.ResourceInvoker.ResultNext[TFilter,TFilterAsync](State&amp; next, Scope&amp; scope, Object&amp; state, Boolean&amp; isCompleted)&#xD;
         at Microsoft.AspNetCore.Mvc.Infrastructure.ResourceInvoker.InvokeResultFilters()&#xD;
      --- End of stack trace from previous location ---&#xD;
         at Microsoft.AspNetCore.Mvc.Infrastructure.ResourceInvoker.&lt;InvokeFilterPipelineAsync&gt;g__Awaited|20_0(ResourceInvoker invoker, Task lastTask, State next, Scope scope, Object state, Boolean isCompleted)&#xD;
         at Microsoft.AspNetCore.Mvc.Infrastructure.ResourceInvoker.&lt;InvokeAsync&gt;g__Awaited|17_0(ResourceInvoker invoker, Task task, IDisposable scope)&#xD;
         at Microsoft.AspNetCore.Mvc.Infrastructure.ResourceInvoker.&lt;InvokeAsync&gt;g__Awaited|17_0(ResourceInvoker invoker, Task task, IDisposable scope)&#xD;
         at Microsoft.AspNetCore.Authorization.AuthorizationMiddleware.Invoke(HttpContext context)&#xD;
         at Microsoft.AspNetCore.Authentication.AuthenticationMiddleware.Invoke(HttpContext context)&#xD;
         at Swashbuckle.AspNetCore.SwaggerUI.SwaggerUIMiddleware.Invoke(HttpContext httpContext)&#xD;
         at Swashbuckle.AspNetCore.Swagger.SwaggerMiddleware.Invoke(HttpContext httpContext, ISwaggerProvider swaggerProvider)&#xD;
         at Microsoft.AspNetCore.Diagnostics.DeveloperExceptionPageMiddlewareImpl.Invoke(HttpContext context)&#xD;
[xUnit.net 00:00:02.55]       System.Net.Http.HttpRequestException : Response status code does not indicate success: 500 (Internal Server Error).&#xD;
[xUnit.net 00:00:02.55]       Stack Trace:&#xD;
[xUnit.net 00:00:02.55]            at System.Net.Http.HttpResponseMessage.EnsureSuccessStatusCode()&#xD;
[xUnit.net 00:00:02.55]         C:\Users\adam\Desktop\pp4\loyalty-program-api\EShopService.IntegrationTests\Controllers\MemberControllerIntegrationTest.cs(115,0): at EShopService.IntegrationTests.Controllers.MemberControllerIntegrationTest.UpdateProfile_Works()&#xD;
[xUnit.net 00:00:02.55]         --- End of stack trace from previous location ---&#xD;
warn: Microsoft.AspNetCore.HttpsPolicy.HttpsRedirectionMiddleware[3]&#xD;
      Failed to determine the https port for redirect.&#xD;
info: Microsoft.EntityFrameworkCore.Update[30100]&#xD;
      Saved 1 entities to in-memory store.&#xD;
info: Microsoft.EntityFrameworkCore.Update[30100]&#xD;
      Saved 2 entities to in-memory store.&#xD;
info: Microsoft.EntityFrameworkCore.Update[30100]&#xD;
      Saved 1 entities to in-memory store.&#xD;
fail: Microsoft.AspNetCore.Diagnostics.DeveloperExceptionPageMiddleware[1]&#xD;
      An unhandled exception has occurred while executing the request.&#xD;
      System.Text.Json.JsonException: A possible object cycle was detected. This can either be due to a cycle or if the object depth is larger than the maximum allowed depth of 32. Consider using ReferenceHandler.Preserve on JsonSerializerOptions to support cycles. Path: $.user.Member.User.Member.User.Member.User.Member.User.Member.User.Member.User.Member.User.Member.User.Member.User.Member.User.Member.User.Member.User.Member.User.Member.User.Member.User.FirstName.&#xD;
         at System.Text.Json.ThrowHelper.ThrowJsonException_SerializerCycleDetected(Int32 maxDepth)&#xD;
         at System.Text.Json.Serialization.JsonConverter`1.TryWrite(Utf8JsonWriter writer, T&amp; value, JsonSerializerOptions options, WriteStack&amp; state)&#xD;
         at System.Text.Json.Serialization.Metadata.JsonPropertyInfo`1.GetMemberAndWriteJson(Object obj, WriteStack&amp; state, Utf8JsonWriter writer)&#xD;
         at System.Text.Json.Serialization.Converters.ObjectDefaultConverter`1.OnTryWrite(Utf8JsonWriter writer, T value, JsonSerializerOptions options, WriteStack&amp; state)&#xD;
         at System.Text.Json.Serialization.JsonConverter`1.TryWrite(Utf8JsonWriter writer, T&amp; value, JsonSerializerOptions options, WriteStack&amp; state)&#xD;
         at System.Text.Json.Serialization.Metadata.JsonPropertyInfo`1.GetMemberAndWriteJson(Object obj, WriteStack&amp; state, Utf8JsonWriter writer)&#xD;
         at System.Text.Json.Serialization.Converters.ObjectDefaultConverter`1.OnTryWrite(Utf8JsonWriter writer, T value, JsonSerializerOptions options, WriteStack&amp; state)&#xD;
         at System.Text.Json.Serialization.JsonConverter`1.TryWrite(Utf8JsonWriter writer, T&amp; value, JsonSerializerOptions options, WriteStack&amp; state)&#xD;
         at System.Text.Json.Serialization.Metadata.JsonPropertyInfo`1.GetMemberAndWriteJson(Object obj, WriteStack&amp; state, Utf8JsonWriter writer)&#xD;
         at System.Text.Json.Serialization.Converters.ObjectDefaultConverter`1.OnTryWrite(Utf8JsonWriter writer, T value, JsonSerializerOptions options, WriteStack&amp; state)&#xD;
         at System.Text.Json.Serialization.JsonConverter`1.TryWrite(Utf8JsonWriter writer, T&amp; value, JsonSerializerOptions options, WriteStack&amp; state)&#xD;
         at System.Text.Json.Serialization.Metadata.JsonPropertyInfo`1.GetMemberAndWriteJson(Object obj, WriteStack&amp; state, Utf8JsonWriter writer)&#xD;
         at System.Text.Json.Serialization.Converters.ObjectDefaultConverter`1.OnTryWrite(Utf8JsonWriter writer, T value, JsonSerializerOptions options, WriteStack&amp; state)&#xD;
         at System.Text.Json.Serialization.JsonConverter`1.TryWrite(Utf8JsonWriter writer, T&amp; value, JsonSerializerOptions options, WriteStack&amp; state)&#xD;
         at System.Text.Json.Serialization.Metadata.JsonPropertyInfo`1.GetMemberAndWriteJson(Object obj, WriteStack&amp; state, Utf8JsonWriter writer)&#xD;
         at System.Text.Json.Serialization.Converters.ObjectDefaultConverter`1.OnTryWrite(Utf8JsonWriter writer, T value, JsonSerializerOptions options, WriteStack&amp; state)&#xD;
         at System.Text.Json.Serialization.JsonConverter`1.TryWrite(Utf8JsonWriter writer, T&amp; value, JsonSerializerOptions options, WriteStack&amp; state)&#xD;
         at System.Text.Json.Serialization.Metadata.JsonPropertyInfo`1.GetMemberAndWriteJson(Object obj, WriteStack&amp; state, Utf8JsonWriter writer)&#xD;
         at System.Text.Json.Serialization.Converters.ObjectDefaultConverter`1.OnTryWrite(Utf8JsonWriter writer, T value, JsonSerializerOptions options, WriteStack&amp; state)&#xD;
         at System.Text.Json.Serialization.JsonConverter`1.TryWrite(Utf8JsonWriter writer, T&amp; value, JsonSerializerOptions options, WriteStack&amp; state)&#xD;
         at System.Text.Json.Serialization.Metadata.JsonPropertyInfo`1.GetMemberAndWriteJson(Object obj, WriteStack&amp; state, Utf8JsonWriter writer)&#xD;
         at System.Text.Json.Serialization.Converters.ObjectDefaultConverter`1.OnTryWrite(Utf8JsonWriter writer, T value, JsonSerializerOptions options, WriteStack&amp; state)&#xD;
         at System.Text.Json.Serialization.JsonConverter`1.TryWrite(Utf8JsonWriter writer, T&amp; value, JsonSerializerOptions options, WriteStack&amp; state)&#xD;
         at System.Text.Json.Serialization.Metadata.JsonPropertyInfo`1.GetMemberAndWriteJson(Object obj, WriteStack&amp; state, Utf8JsonWriter writer)&#xD;
         at System.Text.Json.Serialization.Converters.ObjectDefaultConverter`1.OnTryWrite(Utf8JsonWriter writer, T value, JsonSerializerOptions options, WriteStack&amp; state)&#xD;
         at System.Text.Json.Serialization.JsonConverter`1.TryWrite(Utf8JsonWriter writer, T&amp; value, JsonSerializerOptions options, WriteStack&amp; state)&#xD;
         at System.Text.Json.Serialization.Metadata.JsonPropertyInfo`1.GetMemberAndWriteJson(Object obj, WriteStack&amp; state, Utf8JsonWriter writer)&#xD;
         at System.Text.Json.Serialization.Converters.ObjectDefaultConverter`1.OnTryWrite(Utf8JsonWriter writer, T value, JsonSerializerOptions options, WriteStack&amp; state)&#xD;
         at System.Text.Json.Serialization.JsonConverter`1.TryWrite(Utf8JsonWriter writer, T&amp; value, JsonSerializerOptions options, WriteStack&amp; state)&#xD;
         at System.Text.Json.Serialization.Metadata.JsonPropertyInfo`1.GetMemberAndWriteJson(Object obj, WriteStack&amp; state, Utf8JsonWriter writer)&#xD;
         at System.Text.Json.Serialization.Converters.ObjectDefaultConverter`1.OnTryWrite(Utf8JsonWriter writer, T value, JsonSerializerOptions options, WriteStack&amp; state)&#xD;
         at System.Text.Json.Serialization.JsonConverter`1.TryWrite(Utf8JsonWriter writer, T&amp; value, JsonSerializerOptions options, WriteStack&amp; state)&#xD;
         at System.Text.Json.Serialization.Metadata.JsonPropertyInfo`1.GetMemberAndWriteJson(Object obj, WriteStack&amp; state, Utf8JsonWriter writer)&#xD;
         at System.Text.Json.Serialization.Converters.ObjectDefaultConverter`1.OnTryWrite(Utf8JsonWriter writer, T value, JsonSerializerOptions options, WriteStack&amp; state)&#xD;
         at System.Text.Json.Serialization.JsonConverter`1.TryWrite(Utf8JsonWriter writer, T&amp; value, JsonSerializerOptions options, WriteStack&amp; state)&#xD;
         at System.Text.Json.Serialization.Metadata.JsonPropertyInfo`1.GetMemberAndWriteJson(Object obj, WriteStack&amp; state, Utf8JsonWriter writer)&#xD;
         at System.Text.Json.Serialization.Converters.ObjectDefaultConverter`1.OnTryWrite(Utf8JsonWriter writer, T value, JsonSerializerOptions options, WriteStack&amp; state)&#xD;
         at System.Text.Json.Serialization.JsonConverter`1.TryWrite(Utf8JsonWriter writer, T&amp; value, JsonSerializerOptions options, WriteStack&amp; state)&#xD;
         at System.Text.Json.Serialization.Metadata.JsonPropertyInfo`1.GetMemberAndWriteJson(Object obj, WriteStack&amp; state, Utf8JsonWriter writer)&#xD;
         at System.Text.Json.Serialization.Converters.ObjectDefaultConverter`1.OnTryWrite(Utf8JsonWriter writer, T value, JsonSerializerOptions options, WriteStack&amp; state)&#xD;
         at System.Text.Json.Serialization.JsonConverter`1.TryWrite(Utf8JsonWriter writer, T&amp; value, JsonSerializerOptions options, WriteStack&amp; state)&#xD;
         at System.Text.Json.Serialization.Metadata.JsonPropertyInfo`1.GetMemberAndWriteJson(Object obj, WriteStack&amp; state, Utf8JsonWriter writer)&#xD;
         at System.Text.Json.Serialization.Converters.ObjectDefaultConverter`1.OnTryWrite(Utf8JsonWriter writer, T value, JsonSerializerOptions options, WriteStack&amp; state)&#xD;
         at System.Text.Json.Serialization.JsonConverter`1.TryWrite(Utf8JsonWriter writer, T&amp; value, JsonSerializerOptions options, WriteStack&amp; state)&#xD;
         at System.Text.Json.Serialization.Metadata.JsonPropertyInfo`1.GetMemberAndWriteJson(Object obj, WriteStack&amp; state, Utf8JsonWriter writer)&#xD;
         at System.Text.Json.Serialization.Converters.ObjectDefaultConverter`1.OnTryWrite(Utf8JsonWriter writer, T value, JsonSerializerOptions options, WriteStack&amp; state)&#xD;
         at System.Text.Json.Serialization.JsonConverter`1.TryWrite(Utf8JsonWriter writer, T&amp; value, JsonSerializerOptions options, WriteStack&amp; state)&#xD;
         at System.Text.Json.Serialization.Metadata.JsonPropertyInfo`1.GetMemberAndWriteJson(Object obj, WriteStack&amp; state, Utf8JsonWriter writer)&#xD;
         at System.Text.Json.Serialization.Converters.ObjectDefaultConverter`1.OnTryWrite(Utf8JsonWriter writer, T value, JsonSerializerOptions options, WriteStack&amp; state)&#xD;
         at System.Text.Json.Serialization.JsonConverter`1.TryWrite(Utf8JsonWriter writer, T&amp; value, JsonSerializerOptions options, WriteStack&amp; state)&#xD;
         at System.Text.Json.Serialization.Metadata.JsonPropertyInfo`1.GetMemberAndWriteJson(Object obj, WriteStack&amp; state, Utf8JsonWriter writer)&#xD;
         at System.Text.Json.Serialization.Converters.ObjectDefaultConverter`1.OnTryWrite(Utf8JsonWriter writer, T value, JsonSerializerOptions options, WriteStack&amp; state)&#xD;
         at System.Text.Json.Serialization.JsonConverter`1.TryWrite(Utf8JsonWriter writer, T&amp; value, JsonSerializerOptions options, WriteStack&amp; state)&#xD;
         at System.Text.Json.Serialization.Metadata.JsonPropertyInfo`1.GetMemberAndWriteJson(Object obj, WriteStack&amp; state, Utf8JsonWriter writer)&#xD;
         at System.Text.Json.Serialization.Converters.ObjectDefaultConverter`1.OnTryWrite(Utf8JsonWriter writer, T value, JsonSerializerOptions options, WriteStack&amp; state)&#xD;
         at System.Text.Json.Serialization.JsonConverter`1.TryWrite(Utf8JsonWriter writer, T&amp; value, JsonSerializerOptions options, WriteStack&amp; state)&#xD;
         at System.Text.Json.Serialization.Metadata.JsonPropertyInfo`1.GetMemberAndWriteJson(Object obj, WriteStack&amp; state, Utf8JsonWriter writer)&#xD;
         at System.Text.Json.Serialization.Converters.ObjectDefaultConverter`1.OnTryWrite(Utf8JsonWriter writer, T value, JsonSerializerOptions options, WriteStack&amp; state)&#xD;
         at System.Text.Json.Serialization.JsonConverter`1.TryWrite(Utf8JsonWriter writer, T&amp; value, JsonSerializerOptions options, WriteStack&amp; state)&#xD;
         at System.Text.Json.Serialization.Metadata.JsonPropertyInfo`1.GetMemberAndWriteJson(Object obj, WriteStack&amp; state, Utf8JsonWriter writer)&#xD;
         at System.Text.Json.Serialization.Converters.ObjectDefaultConverter`1.OnTryWrite(Utf8JsonWriter writer, T value, JsonSerializerOptions options, WriteStack&amp; state)&#xD;
         at System.Text.Json.Serialization.JsonConverter`1.TryWrite(Utf8JsonWriter writer, T&amp; value, JsonSerializerOptions options, WriteStack&amp; state)&#xD;
         at System.Text.Json.Serialization.Metadata.JsonPropertyInfo`1.GetMemberAndWriteJson(Object obj, WriteStack&amp; state, Utf8JsonWriter writer)&#xD;
         at System.Text.Json.Serialization.Converters.ObjectDefaultConverter`1.OnTryWrite(Utf8JsonWriter writer, T value, JsonSerializerOptions options, WriteStack&amp; state)&#xD;
         at System.Text.Json.Serialization.JsonConverter`1.TryWrite(Utf8JsonWriter writer, T&amp; value, JsonSerializerOptions options, WriteStack&amp; state)&#xD;
         at System.Text.Json.Serialization.Metadata.JsonPropertyInfo`1.GetMemberAndWriteJson(Object obj, WriteStack&amp; state, Utf8JsonWriter writer)&#xD;
         at System.Text.Json.Serialization.Converters.ObjectDefaultConverter`1.OnTryWrite(Utf8JsonWriter writer, T value, JsonSerializerOptions options, WriteStack&amp; state)&#xD;
         at System.Text.Json.Serialization.JsonConverter`1.TryWrite(Utf8JsonWriter writer, T&amp; value, JsonSerializerOptions options, WriteStack&amp; state)&#xD;
         at System.Text.Json.Serialization.Metadata.JsonPropertyInfo`1.GetMemberAndWriteJson(Object obj, WriteStack&amp; state, Utf8JsonWriter writer)&#xD;
         at System.Text.Json.Serialization.Converters.ObjectDefaultConverter`1.OnTryWrite(Utf8JsonWriter writer, T value, JsonSerializerOptions options, WriteStack&amp; state)&#xD;
         at System.Text.Json.Serialization.JsonConverter`1.TryWrite(Utf8JsonWriter writer, T&amp; value, JsonSerializerOptions options, WriteStack&amp; state)&#xD;
         at System.Text.Json.Serialization.Metadata.JsonPropertyInfo`1.GetMemberAndWriteJson(Object obj, WriteStack&amp; state, Utf8JsonWriter writer)&#xD;
         at System.Text.Json.Serialization.Converters.ObjectDefaultConverter`1.OnTryWrite(Utf8JsonWriter writer, T value, JsonSerializerOptions options, WriteStack&amp; state)&#xD;
         at System.Text.Json.Serialization.JsonConverter`1.TryWrite(Utf8JsonWriter writer, T&amp; value, JsonSerializerOptions options, WriteStack&amp; state)&#xD;
         at System.Text.Json.Serialization.Metadata.JsonPropertyInfo`1.GetMemberAndWriteJson(Object obj, WriteStack&amp; state, Utf8JsonWriter writer)&#xD;
         at System.Text.Json.Serialization.Converters.ObjectDefaultConverter`1.OnTryWrite(Utf8JsonWriter writer, T value, JsonSerializerOptions options, WriteStack&amp; state)&#xD;
         at System.Text.Json.Serialization.JsonConverter`1.TryWrite(Utf8JsonWriter writer, T&amp; value, JsonSerializerOptions options, WriteStack&amp; state)&#xD;
         at System.Text.Json.Serialization.Metadata.JsonPropertyInfo`1.GetMemberAndWriteJson(Object obj, WriteStack&amp; state, Utf8JsonWriter writer)&#xD;
         at System.Text.Json.Serialization.Converters.ObjectDefaultConverter`1.OnTryWrite(Utf8JsonWriter writer, T value, JsonSerializerOptions options, WriteStack&amp; state)&#xD;
         at System.Text.Json.Serialization.JsonConverter`1.TryWrite(Utf8JsonWriter writer, T&amp; value, JsonSerializerOptions options, WriteStack&amp; state)&#xD;
         at System.Text.Json.Serialization.Metadata.JsonPropertyInfo`1.GetMemberAndWriteJson(Object obj, WriteStack&amp; state, Utf8JsonWriter writer)&#xD;
         at System.Text.Json.Serialization.Converters.ObjectDefaultConverter`1.OnTryWrite(Utf8JsonWriter writer, T value, JsonSerializerOptions options, WriteStack&amp; state)&#xD;
         at System.Text.Json.Serialization.JsonConverter`1.TryWrite(Utf8JsonWriter writer, T&amp; value, JsonSerializerOptions options, WriteStack&amp; state)&#xD;
         at System.Text.Json.Serialization.Metadata.JsonPropertyInfo`1.GetMemberAndWriteJson(Object obj, WriteStack&amp; state, Utf8JsonWriter writer)&#xD;
         at System.Text.Json.Serialization.Converters.ObjectDefaultConverter`1.OnTryWrite(Utf8JsonWriter writer, T value, JsonSerializerOptions options, WriteStack&amp; state)&#xD;
         at System.Text.Json.Serialization.JsonConverter`1.TryWrite(Utf8JsonWriter writer, T&amp; value, JsonSerializerOptions options, WriteStack&amp; state)&#xD;
         at System.Text.Json.Serialization.Metadata.JsonPropertyInfo`1.GetMemberAndWriteJson(Object obj, WriteStack&amp; state, Utf8JsonWriter writer)&#xD;
         at System.Text.Json.Serialization.Converters.ObjectDefaultConverter`1.OnTryWrite(Utf8JsonWriter writer, T value, JsonSerializerOptions options, WriteStack&amp; state)&#xD;
         at System.Text.Json.Serialization.JsonConverter`1.TryWrite(Utf8JsonWriter writer, T&amp; value, JsonSerializerOptions options, WriteStack&amp; state)&#xD;
         at System.Text.Json.Serialization.Metadata.JsonPropertyInfo`1.GetMemberAndWriteJson(Object obj, WriteStack&amp; state, Utf8JsonWriter writer)&#xD;
         at System.Text.Json.Serialization.Converters.ObjectDefaultConverter`1.OnTryWrite(Utf8JsonWriter writer, T value, JsonSerializerOptions options, WriteStack&amp; state)&#xD;
         at System.Text.Json.Serialization.JsonConverter`1.TryWrite(Utf8JsonWriter writer, T&amp; value, JsonSerializerOptions options, WriteStack&amp; state)&#xD;
         at System.Text.Json.Serialization.Metadata.JsonPropertyInfo`1.GetMemberAndWriteJson(Object obj, WriteStack&amp; state, Utf8JsonWriter writer)&#xD;
         at System.Text.Json.Serialization.Converters.ObjectDefaultConverter`1.OnTryWrite(Utf8JsonWriter writer, T value, JsonSerializerOptions options, WriteStack&amp; state)&#xD;
         at System.Text.Json.Serialization.JsonConverter`1.TryWrite(Utf8JsonWriter writer, T&amp; value, JsonSerializerOptions options, WriteStack&amp; state)&#xD;
         at System.Text.Json.Serialization.Metadata.JsonPropertyInfo`1.GetMemberAndWriteJson(Object obj, WriteStack&amp; state, Utf8JsonWriter writer)&#xD;
         at System.Text.Json.Serialization.Converters.ObjectDefaultConverter`1.OnTryWrite(Utf8JsonWriter writer, T value, JsonSerializerOptions options, WriteStack&amp; state)&#xD;
         at System.Text.Json.Serialization.JsonConverter`1.TryWrite(Utf8JsonWriter writer, T&amp; value, JsonSerializerOptions options, WriteStack&amp; state)&#xD;
         at System.Text.Json.Serialization.JsonConverter`1.WriteCore(Utf8JsonWriter writer, T&amp; value, JsonSerializerOptions options, WriteStack&amp; state)&#xD;
         at System.Text.Json.Serialization.Metadata.JsonTypeInfo`1.SerializeAsync(Stream utf8Json, T rootValue, CancellationToken cancellationToken, Object rootValueBoxed)&#xD;
         at System.Text.Json.Serialization.Metadata.JsonTypeInfo`1.SerializeAsync(Stream utf8Json, T rootValue, CancellationToken cancellationToken, Object rootValueBoxed)&#xD;
         at System.Text.Json.Serialization.Metadata.JsonTypeInfo`1.SerializeAsync(Stream utf8Json, T rootValue, CancellationToken cancellationToken, Object rootValueBoxed)&#xD;
         at Microsoft.AspNetCore.Mvc.Formatters.SystemTextJsonOutputFormatter.WriteResponseBodyAsync(OutputFormatterWriteContext context, Encoding selectedEncoding)&#xD;
         at Microsoft.AspNetCore.Mvc.Infrastructure.ResourceInvoker.&lt;InvokeNextResultFilterAsync&gt;g__Awaited|30_0[TFilter,TFilterAsync](ResourceInvoker invoker, Task lastTask, State next, Scope scope, Object state, Boolean isCompleted)&#xD;
         at Microsoft.AspNetCore.Mvc.Infrastructure.ResourceInvoker.Rethrow(ResultExecutedContextSealed context)&#xD;
         at Microsoft.AspNetCore.Mvc.Infrastructure.ResourceInvoker.ResultNext[TFilter,TFilterAsync](State&amp; next, Scope&amp; scope, Object&amp; state, Boolean&amp; isCompleted)&#xD;
         at Microsoft.AspNetCore.Mvc.Infrastructure.ResourceInvoker.InvokeResultFilters()&#xD;
      --- End of stack trace from previous location ---&#xD;
         at Microsoft.AspNetCore.Mvc.Infrastructure.ResourceInvoker.&lt;InvokeFilterPipelineAsync&gt;g__Awaited|20_0(ResourceInvoker invoker, Task lastTask, State next, Scope scope, Object state, Boolean isCompleted)&#xD;
         at Microsoft.AspNetCore.Mvc.Infrastructure.ResourceInvoker.&lt;InvokeAsync&gt;g__Awaited|17_0(ResourceInvoker invoker, Task task, IDisposable scope)&#xD;
         at Microsoft.AspNetCore.Mvc.Infrastructure.ResourceInvoker.&lt;InvokeAsync&gt;g__Awaited|17_0(ResourceInvoker invoker, Task task, IDisposable scope)&#xD;
         at Microsoft.AspNetCore.Authorization.AuthorizationMiddleware.Invoke(HttpContext context)&#xD;
         at Microsoft.AspNetCore.Authentication.AuthenticationMiddleware.Invoke(HttpContext context)&#xD;
         at Swashbuckle.AspNetCore.SwaggerUI.SwaggerUIMiddleware.Invoke(HttpContext httpContext)&#xD;
         at Swashbuckle.AspNetCore.Swagger.SwaggerMiddleware.Invoke(HttpContext httpContext, ISwaggerProvider swaggerProvider)&#xD;
         at Microsoft.AspNetCore.Diagnostics.DeveloperExceptionPageMiddlewareImpl.Invoke(HttpContext context)&#xD;
[xUnit.net 00:00:02.84]       System.Net.Http.HttpRequestException : Response status code does not indicate success: 500 (Internal Server Error).&#xD;
[xUnit.net 00:00:02.84]       Stack Trace:&#xD;
[xUnit.net 00:00:02.84]            at System.Net.Http.HttpResponseMessage.EnsureSuccessStatusCode()&#xD;
[...]
         at System.Text.Json.Serialization.JsonConverter`1.TryWrite(Utf8JsonWriter writer, T&amp; value, JsonSerializerOptions options, WriteStack&amp; state)&#xD;
         at System.Text.Json.Serialization.Metadata.JsonPropertyInfo`1.GetMemberAndWriteJson(Object obj, WriteStack&amp; state, Utf8JsonWriter writer)&#xD;
         at System.Text.Json.Serialization.Converters.ObjectDefaultConverter`1.OnTryWrite(Utf8JsonWriter writer, T value, JsonSerializerOptions options, WriteStack&amp; state)&#xD;
         at System.Text.Json.Serialization.JsonConverter`1.TryWrite(Utf8JsonWriter writer, T&amp; value, JsonSerializerOptions options, WriteStack&amp; state)&#xD;
         at System.Text.Json.Serialization.Metadata.JsonPropertyInfo`1.GetMemberAndWriteJson(Object obj, WriteStack&amp; state, Utf8JsonWriter writer)&#xD;
         at System.Text.Json.Serialization.Converters.ObjectDefaultConverter`1.OnTryWrite(Utf8JsonWriter writer, T value, JsonSerializerOptions options, WriteStack&amp; state)&#xD;
         at System.Text.Json.Serialization.JsonConverter`1.TryWrite(Utf8JsonWriter writer, T&amp; value, JsonSerializerOptions options, WriteStack&amp; state)&#xD;
         at System.Text.Json.Serialization.Metadata.JsonPropertyInfo`1.GetMemberAndWriteJson(Object obj, WriteStack&amp; state, Utf8JsonWriter writer)&#xD;
         at System.Text.Json.Serialization.Converters.ObjectDefaultConverter`1.OnTryWrite(Utf8JsonWriter writer, T value, JsonSerializerOptions options, WriteStack&amp; state)&#xD;
         at System.Text.Json.Serialization.JsonConverter`1.TryWrite(Utf8JsonWriter writer, T&amp; value, JsonSerializerOptions options, WriteStack&amp; state)&#xD;
         at System.Text.Json.Serialization.Metadata.JsonPropertyInfo`1.GetMemberAndWriteJson(Object obj, WriteStack&amp; state, Utf8JsonWriter writer)&#xD;
         at System.Text.Json.Serialization.Converters.ObjectDefaultConverter`1.OnTryWrite(Utf8JsonWriter writer, T value, JsonSerializerOptions options, WriteStack&amp; state)&#xD;
         at System.Text.Json.Serialization.JsonConverter`1.TryWrite(Utf8JsonWriter writer, T&amp; value, JsonSerializerOptions options, WriteStack&amp; state)&#xD;
         at System.Text.Json.Serialization.Metadata.JsonPropertyInfo`1.GetMemberAndWriteJson(Object obj, WriteStack&amp; state, Utf8JsonWriter writer)&#xD;
         at System.Text.Json.Serialization.Converters.ObjectDefaultConverter`1.OnTryWrite(Utf8JsonWriter writer, T value, JsonSerializerOptions options, WriteStack&amp; state)&#xD;
         at System.Text.Json.Serialization.JsonConverter`1.TryWrite(Utf8JsonWriter writer, T&amp; value, JsonSerializerOptions options, WriteStack&amp; state)&#xD;
         at System.Text.Json.Serialization.Metadata.JsonPropertyInfo`1.GetMemberAndWriteJson(Object obj, WriteStack&amp; state, Utf8JsonWriter writer)&#xD;
         at System.Text.Json.Serialization.Converters.ObjectDefaultConverter`1.OnTryWrite(Utf8JsonWriter writer, T value, JsonSerializerOptions options, WriteStack&amp; state)&#xD;
         at System.Text.Json.Serialization.JsonConverter`1.TryWrite(Utf8JsonWriter writer, T&amp; value, JsonSerializerOptions options, WriteStack&amp; state)&#xD;
         at System.Text.Json.Serialization.Metadata.JsonPropertyInfo`1.GetMemberAndWriteJson(Object obj, WriteStack&amp; state, Utf8JsonWriter writer)&#xD;
         at System.Text.Json.Serialization.Converters.ObjectDefaultConverter`1.OnTryWrite(Utf8JsonWriter writer, T value, JsonSerializerOptions options, WriteStack&amp; state)&#xD;
         at System.Text.Json.Serialization.JsonConverter`1.TryWrite(Utf8JsonWriter writer, T&amp; value, JsonSerializerOptions options, WriteStack&amp; state)&#xD;
         at System.Text.Json.Serialization.Metadata.JsonPropertyInfo`1.GetMemberAndWriteJson(Object obj, WriteStack&amp; state, Utf8JsonWriter writer)&#xD;
         at System.Text.Json.Serialization.Converters.ObjectDefaultConverter`1.OnTryWrite(Utf8JsonWriter writer, T value, JsonSerializerOptions options, WriteStack&amp; state)&#xD;
         at System.Text.Json.Serialization.JsonConverter`1.TryWrite(Utf8JsonWriter writer, T&amp; value, JsonSerializerOptions options, WriteStack&amp; state)&#xD;
         at System.Text.Json.Serialization.Metadata.JsonPropertyInfo`1.GetMemberAndWriteJson(Object obj, WriteStack&amp; state, Utf8JsonWriter writer)&#xD;
         at System.Text.Json.Serialization.Converters.ObjectDefaultConverter`1.OnTryWrite(Utf8JsonWriter writer, T value, JsonSerializerOptions options, WriteStack&amp; state)&#xD;
         at System.Text.Json.Serialization.JsonConverter`1.TryWrite(Utf8JsonWriter writer, T&amp; value, JsonSerializerOptions options, WriteStack&amp; state)&#xD;
         at System.Text.Json.Serialization.Metadata.JsonPropertyInfo`1.GetMemberAndWriteJson(Object obj, WriteStack&amp; state, Utf8JsonWriter writer)&#xD;
         at System.Text.Json.Serialization.Converters.ObjectDefaultConverter`1.OnTryWrite(Utf8JsonWriter writer, T value, JsonSerializerOptions options, WriteStack&amp; state)&#xD;
         at System.Text.Json.Serialization.JsonConverter`1.TryWrite(Utf8JsonWriter writer, T&amp; value, JsonSerializerOptions options, WriteStack&amp; state)&#xD;
         at System.Text.Json.Serialization.Metadata.JsonPropertyInfo`1.GetMemberAndWriteJson(Object obj, WriteStack&amp; state, Utf8JsonWriter writer)&#xD;
         at System.Text.Json.Serialization.Converters.ObjectDefaultConverter`1.OnTryWrite(Utf8JsonWriter writer, T value, JsonSerializerOptions options, WriteStack&amp; state)&#xD;
         at System.Text.Json.Serialization.JsonConverter`1.TryWrite(Utf8JsonWriter writer, T&amp; value, JsonSerializerOptions options, WriteStack&amp; state)&#xD;
         at System.Text.Json.Serialization.Metadata.JsonPropertyInfo`1.GetMemberAndWriteJson(Object obj, WriteStack&amp; state, Utf8JsonWriter writer)&#xD;
         at System.Text.Json.Serialization.Converters.ObjectDefaultConverter`1.OnTryWrite(Utf8JsonWriter writer, T value, JsonSerializerOptions options, WriteStack&amp; state)&#xD;
         at System.Text.Json.Serialization.JsonConverter`1.TryWrite(Utf8JsonWriter writer, T&amp; value, JsonSerializerOptions options, WriteStack&amp; state)&#xD;
         at System.Text.Json.Serialization.Metadata.JsonPropertyInfo`1.GetMemberAndWriteJson(Object obj, WriteStack&amp; state, Utf8JsonWriter writer)&#xD;
         at System.Text.Json.Serialization.Converters.ObjectDefaultConverter`1.OnTryWrite(Utf8JsonWriter writer, T value, JsonSerializerOptions options, WriteStack&amp; state)&#xD;
         at System.Text.Json.Serialization.JsonConverter`1.TryWrite(Utf8JsonWriter writer, T&amp; value, JsonSerializerOptions options, WriteStack&amp; state)&#xD;
         at System.Text.Json.Serialization.Metadata.JsonPropertyInfo`1.GetMemberAndWriteJson(Object obj, WriteStack&amp; state, Utf8JsonWriter writer)&#xD;
         at System.Text.Json.Serialization.Converters.ObjectDefaultConverter`1.OnTryWrite(Utf8JsonWriter writer, T value, JsonSerializerOptions options, WriteStack&amp; state)&#xD;
         at System.Text.Json.Serialization.JsonConverter`1.TryWrite(Utf8JsonWriter writer, T&amp; value, JsonSerializerOptions options, WriteStack&amp; state)&#xD;
         at System.Text.Json.Serialization.Metadata.JsonPropertyInfo`1.GetMemberAndWriteJson(Object obj, WriteStack&amp; state, Utf8JsonWriter writer)&#xD;
         at System.Text.Json.Serialization.Converters.ObjectDefaultConverter`1.OnTryWrite(Utf8JsonWriter writer, T value, JsonSerializerOptions options, WriteStack&amp; state)&#xD;
         at System.Text.Json.Serialization.JsonConverter`1.TryWrite(Utf8JsonWriter writer, T&amp; value, JsonSerializerOptions options, WriteStack&amp; state)&#xD;
         at System.Text.Json.Serialization.Metadata.JsonPropertyInfo`1.GetMemberAndWriteJson(Object obj, WriteStack&amp; state, Utf8JsonWriter writer)&#xD;
         at System.Text.Json.Serialization.Converters.ObjectDefaultConverter`1.OnTryWrite(Utf8JsonWriter writer, T value, JsonSerializerOptions options, WriteStack&amp; state)&#xD;
         at System.Text.Json.Serialization.JsonConverter`1.TryWrite(Utf8JsonWriter writer, T&amp; value, JsonSerializerOptions options, WriteStack&amp; state)&#xD;
         at System.Text.Json.Serialization.Metadata.JsonPropertyInfo`1.GetMemberAndWriteJson(Object obj, WriteStack&amp; state, Utf8JsonWriter writer)&#xD;
         at System.Text.Json.Serialization.Converters.ObjectDefaultConverter`1.OnTryWrite(Utf8JsonWriter writer, T value, JsonSerializerOptions options, WriteStack&amp; state)&#xD;
         at System.Text.Json.Serialization.JsonConverter`1.TryWrite(Utf8JsonWriter writer, T&amp; value, JsonSerializerOptions options, WriteStack&amp; state)&#xD;
         at System.Text.Json.Serialization.Metadata.JsonPropertyInfo`1.GetMemberAndWriteJson(Object obj, WriteStack&amp; state, Utf8JsonWriter writer)&#xD;
         at System.Text.Json.Serialization.Converters.ObjectDefaultConverter`1.OnTryWrite(Utf8JsonWriter writer, T value, JsonSerializerOptions options, WriteStack&amp; state)&#xD;
         at System.Text.Json.Serialization.JsonConverter`1.TryWrite(Utf8JsonWriter writer, T&amp; value, JsonSerializerOptions options, WriteStack&amp; state)&#xD;
         at System.Text.Json.Serialization.Metadata.JsonPropertyInfo`1.GetMemberAndWriteJson(Object obj, WriteStack&amp; state, Utf8JsonWriter writer)&#xD;
         at System.Text.Json.Serialization.Converters.ObjectDefaultConverter`1.OnTryWrite(Utf8JsonWriter writer, T value, JsonSerializerOptions options, WriteStack&amp; state)&#xD;
         at System.Text.Json.Serialization.JsonConverter`1.TryWrite(Utf8JsonWriter writer, T&amp; value, JsonSerializerOptions options, WriteStack&amp; state)&#xD;
         at System.Text.Json.Serialization.Metadata.JsonPropertyInfo`1.GetMemberAndWriteJson(Object obj, WriteStack&amp; state, Utf8JsonWriter writer)&#xD;
         at System.Text.Json.Serialization.Converters.ObjectDefaultConverter`1.OnTryWrite(Utf8JsonWriter writer, T value, JsonSerializerOptions options, WriteStack&amp; state)&#xD;
         at System.Text.Json.Serialization.JsonConverter`1.TryWrite(Utf8JsonWriter writer, T&amp; value, JsonSerializerOptions options, WriteStack&amp; state)&#xD;
         at System.Text.Json.Serialization.Metadata.JsonPropertyInfo`1.GetMemberAndWriteJson(Object obj, WriteStack&amp; state, Utf8JsonWriter writer)&#xD;
         at System.Text.Json.Serialization.Converters.ObjectDefaultConverter`1.OnTryWrite(Utf8JsonWriter writer, T value, JsonSerializerOptions options, WriteStack&amp; state)&#xD;
         at System.Text.Json.Serialization.JsonConverter`1.TryWrite(Utf8JsonWriter writer, T&amp; value, JsonSerializerOptions options, WriteStack&amp; state)&#xD;
         at System.Text.Json.Serialization.Metadata.JsonPropertyInfo`1.GetMemberAndWriteJson(Object obj, WriteStack&amp; state, Utf8JsonWriter writer)&#xD;
         at System.Text.Json.Serialization.Converters.ObjectDefaultConverter`1.OnTryWrite(Utf8JsonWriter writer, T value, JsonSerializerOptions options, WriteStack&amp; state)&#xD;
         at System.Text.Json.Serialization.JsonConverter`1.TryWrite(Utf8JsonWriter writer, T&amp; value, JsonSerializerOptions options, WriteStack&amp; state)&#xD;
         at System.Text.Json.Serialization.Metadata.JsonPropertyInfo`1.GetMemberAndWriteJson(Object obj, WriteStack&amp; state, Utf8JsonWriter writer)&#xD;
         at System.Text.Json.Serialization.Converters.ObjectDefaultConverter`1.OnTryWrite(Utf8JsonWriter writer, T value, JsonSerializerOptions options, WriteStack&amp; state)&#xD;
         at System.Text.Json.Serialization.JsonConverter`1.TryWrite(Utf8JsonWriter writer, T&amp; value, JsonSerializerOptions options, WriteStack&amp; state)&#xD;
         at System.Text.Json.Serialization.Metadata.JsonPropertyInfo`1.GetMemberAndWriteJson(Object obj, WriteStack&amp; state, Utf8JsonWriter writer)&#xD;
         at System.Text.Json.Serialization.Converters.ObjectDefaultConverter`1.OnTryWrite(Utf8JsonWriter writer, T value, JsonSerializerOptions options, WriteStack&amp; state)&#xD;
         at System.Text.Json.Serialization.JsonConverter`1.TryWrite(Utf8JsonWriter writer, T&amp; value, JsonSerializerOptions options, WriteStack&amp; state)&#xD;
         at System.Text.Json.Serialization.Metadata.JsonPropertyInfo`1.GetMemberAndWriteJson(Object obj, WriteStack&amp; state, Utf8JsonWriter writer)&#xD;
         at System.Text.Json.Serialization.Converters.ObjectDefaultConverter`1.OnTryWrite(Utf8JsonWriter writer, T value, JsonSerializerOptions options, WriteStack&amp; state)&#xD;
         at System.Text.Json.Serialization.JsonConverter`1.TryWrite(Utf8JsonWriter writer, T&amp; value, JsonSerializerOptions options, WriteStack&amp; state)&#xD;
         at System.Text.Json.Serialization.Metadata.JsonPropertyInfo`1.GetMemberAndWriteJson(Object obj, WriteStack&amp; state, Utf8JsonWriter writer)&#xD;
         at System.Text.Json.Serialization.Converters.ObjectDefaultConverter`1.OnTryWrite(Utf8JsonWriter writer, T value, JsonSerializerOptions options, WriteStack&amp; state)&#xD;
         at System.Text.Json.Serialization.JsonConverter`1.TryWrite(Utf8JsonWriter writer, T&amp; value, JsonSerializerOptions options, WriteStack&amp; state)&#xD;
         at System.Text.Json.Serialization.Metadata.JsonPropertyInfo`1.GetMemberAndWriteJson(Object obj, WriteStack&amp; state, Utf8JsonWriter writer)&#xD;
         at System.Text.Json.Serialization.Converters.ObjectDefaultConverter`1.OnTryWrite(Utf8JsonWriter writer, T value, JsonSerializerOptions options, WriteStack&amp; state)&#xD;
         at System.Text.Json.Serialization.JsonConverter`1.TryWrite(Utf8JsonWriter writer, T&amp; value, JsonSerializerOptions options, WriteStack&amp; state)&#xD;
         at System.Text.Json.Serialization.Metadata.JsonPropertyInfo`1.GetMemberAndWriteJson(Object obj, WriteStack&amp; state, Utf8JsonWriter writer)&#xD;
         at System.Text.Json.Serialization.Converters.ObjectDefaultConverter`1.OnTryWrite(Utf8JsonWriter writer, T value, JsonSerializerOptions options, WriteStack&amp; state)&#xD;
         at System.Text.Json.Serialization.JsonConverter`1.TryWrite(Utf8JsonWriter writer, T&amp; value, JsonSerializerOptions options, WriteStack&amp; state)&#xD;
         at System.Text.Json.Serialization.JsonConverter`1.WriteCore(Utf8JsonWriter writer, T&amp; value, JsonSerializerOptions options, WriteStack&amp; state)&#xD;
         at System.Text.Json.Serialization.Metadata.JsonTypeInfo`1.SerializeAsync(Stream utf8Json, T rootValue, CancellationToken cancellationToken, Object rootValueBoxed)&#xD;
         at System.Text.Json.Serialization.Metadata.JsonTypeInfo`1.SerializeAsync(Stream utf8Json, T rootValue, CancellationToken cancellationToken, Object rootValueBoxed)&#xD;
         at System.Text.Json.Serialization.Metadata.JsonTypeInfo`1.SerializeAsync(Stream utf8Json, T rootValue, CancellationToken cancellationToken, Object rootValueBoxed)&#xD;
         at Microsoft.AspNetCore.Mvc.Formatters.SystemTextJsonOutputFormatter.WriteResponseBodyAsync(OutputFormatterWriteContext context, Encoding selectedEncoding)&#xD;
         at Microsoft.AspNetCore.Mvc.Infrastructure.ResourceInvoker.&lt;InvokeNextResultFilterAsync&gt;g__Awaited|30_0[TFilter,TFilterAsync](ResourceInvoker invoker, Task lastTask, State next, Scope scope, Object state, Boolean isCompleted)&#xD;
         at Microsoft.AspNetCore.Mvc.Infrastructure.ResourceInvoker.Rethrow(ResultExecutedContextSealed context)&#xD;
         at Microsoft.AspNetCore.Mvc.Infrastructure.ResourceInvoker.ResultNext[TFilter,TFilterAsync](State&amp; next, Scope&amp; scope, Object&amp; state, Boolean&amp; isCompleted)&#xD;
         at Microsoft.AspNetCore.Mvc.Infrastructure.ResourceInvoker.InvokeResultFilters()&#xD;
      --- End of stack trace from previous location ---&#xD;
         at Microsoft.AspNetCore.Mvc.Infrastructure.ResourceInvoker.&lt;InvokeFilterPipelineAsync&gt;g__Awaited|20_0(ResourceInvoker invoker, Task lastTask, State next, Scope scope, Object state, Boolean isCompleted)&#xD;
         at Microsoft.AspNetCore.Mvc.Infrastructure.ResourceInvoker.&lt;InvokeAsync&gt;g__Awaited|17_0(ResourceInvoker invoker, Task task, IDisposable scope)&#xD;
         at Microsoft.AspNetCore.Mvc.Infrastructure.ResourceInvoker.&lt;InvokeAsync&gt;g__Awaited|17_0(ResourceInvoker invoker, Task task, IDisposable scope)&#xD;
         at Microsoft.AspNetCore.Authorization.AuthorizationMiddleware.Invoke(HttpContext context)&#xD;
         at Microsoft.AspNetCore.Authentication.AuthenticationMiddleware.Invoke(HttpContext context)&#xD;
         at Swashbuckle.AspNetCore.SwaggerUI.SwaggerUIMiddleware.Invoke(HttpContext httpContext)&#xD;
         at Swashbuckle.AspNetCore.Swagger.SwaggerMiddleware.Invoke(HttpContext httpContext, ISwaggerProvider swaggerProvider)&#xD;
         at Microsoft.AspNetCore.Diagnostics.DeveloperExceptionPageMiddlewareImpl.Invoke(HttpContext context)&#xD;
[xUnit.net 00:00:03.16]       System.Net.Http.HttpRequestException : Response status code does not indicate success: 500 (Internal Server Error).&#xD;
[xUnit.net 00:00:03.16]       Stack Trace:&#xD;
[xUnit.net 00:00:03.16]            at System.Net.Http.HttpResponseMessage.EnsureSuccessStatusCode()&#xD;
[xUnit.net 00:00:03.16]         C:\Users\adam\Desktop\pp4\loyalty-program-api\EShopService.IntegrationTests\Controllers\MemberControllerIntegrationTest.cs(178,0): at EShopService.IntegrationTests.Controllers.MemberControllerIntegrationTest.CalculateTier_Works()&#xD;
[xUnit.net 00:00:03.16]         --- End of stack trace from previous location ---&#xD;
[xUnit.net 00:00:03.16]   Finished:    EShopService.IntegrationTests&#xD;
</StdOut>
    </Output>
    <RunInfos>
      <RunInfo computerName="DESKTOP-V03DCJM" outcome="Error" timestamp="2025-06-22T16:23:22.2256984+02:00">
        <Text>[xUnit.net 00:00:02.05]     EShopService.IntegrationTests.Controllers.ProductControllerIntegrationTest.Create_ValidProduct_ReturnsCreatedProduct [FAIL]</Text>
      </RunInfo>
      <RunInfo computerName="DESKTOP-V03DCJM" outcome="Error" timestamp="2025-06-22T16:23:22.2790867+02:00">
        <Text>[xUnit.net 00:00:02.10]     EShopService.IntegrationTests.Controllers.ProductControllerIntegrationTest.Update_ValidProduct_ReturnsUpdatedProduct [FAIL]</Text>
      </RunInfo>
      <RunInfo computerName="DESKTOP-V03DCJM" outcome="Error" timestamp="2025-06-22T16:23:22.2865640+02:00">
        <Text>[xUnit.net 00:00:02.11]     EShopService.IntegrationTests.Controllers.MemberControllerIntegrationTest.GetPointsHistory_EmptyInitially [FAIL]</Text>
      </RunInfo>
      <RunInfo computerName="DESKTOP-V03DCJM" outcome="Error" timestamp="2025-06-22T16:23:22.3871675+02:00">
        <Text>[xUnit.net 00:00:02.21]     EShopService.IntegrationTests.Controllers.MemberControllerIntegrationTest.CreateAndGetMember_Works [FAIL]</Text>
      </RunInfo>
      <RunInfo computerName="DESKTOP-V03DCJM" outcome="Error" timestamp="2025-06-22T16:23:22.3900656+02:00">
        <Text>[xUnit.net 00:00:02.21]     EShopService.IntegrationTests.Controllers.ProductControllerIntegrationTest.Delete_ExistingProduct_ReturnsNoContent [FAIL]</Text>
      </RunInfo>
      <RunInfo computerName="DESKTOP-V03DCJM" outcome="Error" timestamp="2025-06-22T16:23:22.7237240+02:00">
        <Text>[xUnit.net 00:00:02.55]     EShopService.IntegrationTests.Controllers.MemberControllerIntegrationTest.UpdateProfile_Works [FAIL]</Text>
      </RunInfo>
      <RunInfo computerName="DESKTOP-V03DCJM" outcome="Error" timestamp="2025-06-22T16:23:23.0138771+02:00">
        <Text>[xUnit.net 00:00:02.84]     EShopService.IntegrationTests.Controllers.MemberControllerIntegrationTest.GetProfile_Works [FAIL]</Text>
      </RunInfo>
      <RunInfo computerName="DESKTOP-V03DCJM" outcome="Error" timestamp="2025-06-22T16:23:23.3349283+02:00">
        <Text>[xUnit.net 00:00:03.16]     EShopService.IntegrationTests.Controllers.MemberControllerIntegrationTest.CalculateTier_Works [FAIL]</Text>
      </RunInfo>
    </RunInfos>
  </ResultSummary>
</TestRun>